
<!DOCTYPE html>
<html>
	<head>
		<!--
			ExtentReports Library 2.41.1 | http://relevantcodes.com/extentreports-for-selenium/ | https://github.com/anshooarora/
			Copyright (c) 2015, Anshoo Arora (Relevant Codes) | Copyrights licensed under the New BSD License | http://opensource.org/licenses/BSD-3-Clause
			Documentation: http://extentreports.relevantcodes.com 
		-->

		<meta charset='UTF-8' /> 
		<meta name='description' content='ExtentReports (by Anshoo Arora) is a reporting library for automation testing for .NET and Java. It creates detailed and beautiful HTML reports for modern browsers. ExtentReports shows test and step summary along with dashboards, system and environment details for quick analysis of your tests.' />
		<meta name='robots' content='noodp, noydir' />
		<meta name='viewport' content='width=device-width, initial-scale=1' />
		<meta name='extentx' id='extentx' content='' />
		
		<title>
				ExtentReports 2.0
		</title>
		
		
		<link href='https://fonts.googleapis.com/css?family=Source+Sans+Pro:400,600' rel='stylesheet' type='text/css'>
		<link href='https://cdn.rawgit.com/anshooarora/extentreports/6032d73243ba4fe4fb8769eb9c315d4fdf16fe68/cdn/extent.css' type='text/css' rel='stylesheet' />
		
		<style>
				
            
                
            
        
		</style>
	</head>
	
	
	<body class='extent default standard hide-overflow'>
		<!-- nav -->
		<nav>
			<div class='logo-container blue darken-2'>
				<a class='logo-content' href='http://extentreports.relevantcodes.com'>
					<span>ExtentReports</span>
				</a>
				<a href='#' data-activates='slide-out' class='button-collapse hide-on-large-only'><i class='mdi-navigation-apps'></i></a>
			</div>
			<ul id='slide-out' class='side-nav fixed hide-on-med-and-down'>
				<li class='analysis waves-effect active'><a href='#!' class='test-view' onclick="_updateCurrentStage(0)"><i class='mdi-action-dashboard'></i>Test Details</a></li>
				<li class='analysis waves-effect'>
					<a href='#!' onclick="_updateCurrentStage(-1)" class='dashboard-view'><i class='mdi-action-track-changes'></i></i>Analysis</a>
				</li>
			</ul>
			<span class='report-name'>Automation Report</span> <span class='report-headline'></span>
			<ul class='right hide-on-med-and-down nav-right'>
				<li class='theme-selector' alt='Click to toggle dark theme. To enable by default, use js configuration $("body").addClass("dark");' title='Click to toggle dark theme. To enable by default, use js configuration $("body").addClass("dark");'>
					<i class='mdi-hardware-desktop-windows'></i>
				</li>
				<li>
					<span class='suite-started-time'>2019-05-22 12:24:09</span>
				</li>
				<li>
					<span>v2.41.1</span>
				</li>
			</ul>
		</nav>
		<!-- /nav -->
		
		<!-- container -->
		<div class='container'>
			
			<!-- dashboard -->
			<div id='dashboard-view' class='row'>
				<div class='time-totals'>
					<div class='col l2 m4 s6'>
						<div class='card suite-total-tests'> 
							<span class='panel-name'>Total Tests</span> 
							<span class='total-tests'> <span class='panel-lead'></span> </span> 
						</div> 
					</div>
					<div class='col l2 m4 s6'>
						<div class='card suite-total-steps'> 
							<span class='panel-name'>Total Steps</span> 
							<span class='total-steps'> <span class='panel-lead'></span> </span> 
						</div> 
					</div>
					<div class='col l2 m4 s12'>
						<div class='card suite-total-time-current'> 
							<span class='panel-name'>Total Time Taken (Current Run)</span> 
							<span class='suite-total-time-current-value panel-lead'>193h 40m 18s+705ms</span> 
						</div> 
					</div>
					<div class='col l2 m4 s12'>
						<div class='card suite-total-time-overall'> 
							<span class='panel-name'>Total Time Taken (Overall)</span> 
							<span class='suite-total-time-overall-value panel-lead'>0h 0m 10s+781ms</span> 
						</div> 
					</div>
					<div class='col l2 m4 s6 suite-start-time'>
						<div class='card accent green-accent'> 
							<span class='panel-name'>Start</span> 
							<span class='panel-lead suite-started-time'>2019-05-14 10:43:51</span> 
						</div> 
					</div>
					<div class='col l2 m4 s6 suite-end-time'>
						<div class='card accent pink-accent'> 
							<span class='panel-name'>End</span> 
							<span class='panel-lead suite-ended-time'>2019-05-22 12:24:09</span> 
						</div> 
					</div>
				</div>
				<div class='charts'>
					<div class='col s12 m6 l4 fh'> 
						<div class='card-panel'> 
							<div>
								<span class='panel-name'>Tests View</span>
							</div> 
							<div class='panel-setting modal-trigger test-count-setting right'>
								<a href='#test-count-setting'><i class='mdi-navigation-more-vert text-md'></i></a>
							</div> 
							<div class='chart-box'>
								<canvas class='text-centered' id='test-analysis'></canvas>
							</div> 
							<div>
								<span class='weight-light'><span class='t-pass-count weight-normal'></span> test(s) passed</span>
							</div> 
							<div>
								<span class='weight-light'><span class='t-fail-count weight-normal'></span> test(s) failed, <span class='t-others-count weight-normal'></span> others</span>
							</div> 
						</div> 
					</div> 
					<div class='col s12 m6 l4 fh'> 
						<div class='card-panel'> 
							<div>
								<span class='panel-name'>Steps View</span>
							</div> 
							<div class='panel-setting modal-trigger step-status-filter right'>
								<a href='#step-status-filter'><i class='mdi-navigation-more-vert text-md'></i></a>
							</div> 
							<div class='chart-box'>
								<canvas class='text-centered' id='step-analysis'></canvas>
							</div> 
							<div>
								<span class='weight-light'><span class='s-pass-count weight-normal'></span> step(s) passed </span>
							</div> 
							<div>
								<span class='weight-light'><span class='s-fail-count weight-normal'></span> step(s) failed, <span class='s-others-count weight-normal'></span> others</span>
							</div> 
						</div> 
					</div>
					<div class='col s12 m12 l4 fh'> 
						<div class='card-panel'> 
							<span class='panel-name'>Pass Percentage</span> 
							<span class='pass-percentage panel-lead'></span> 
							<div class='progress light-blue lighten-3'> 
								<div class='determinate light-blue'></div> 
							</div> 
						</div> 
					</div>
				</div>
				<div class='system-view'>
					<div class='col l4 m12 s12'>
						<div class='card-panel'>
							<span class='label info outline right'>Environment</span>
							<table>
								<thead>
									<tr>
										<th>Param</th>
										<th>Value</th>
									</tr>
								</thead>
								<tbody>
										<tr>
											<td>User Name</td>
											<td>sezai.can</td>
										</tr>
										<tr>
											<td>OS</td>
											<td>Mac OS X</td>
										</tr>
										<tr>
											<td>Java Version</td>
											<td>1.8.0_66</td>
										</tr>
										<tr>
											<td>Host Name</td>
											<td>sezais-MacBook-Pro.local</td>
										</tr>
								</tbody>
							</table>
						</div>
					</div>
				</div>
			</div>
			<!-- /dashboard -->
			
			<!-- tests -->
			<div id='test-view' class='row _addedTable'>
				<div class='col _addedCell1'>
					<div class='contents'>
						<div class='card-panel heading'>
							<h5>Tests</h5>
						</div>
						<div class='card-panel filters'>
							<div>
								<a class='dropdown-button btn-floating btn-small waves-effect waves-light grey tests-toggle' data-activates='tests-toggle' data-constrainwidth='true' data-beloworigin='true' data-hover='true' href='#'>
									<i class='mdi-action-reorder'></i>
								</a>
								<ul id='tests-toggle' class='dropdown-content'>
									<li class='pass'><a href='#!'>Pass</a></li>
									<li class='fail'><a href='#!'>Fail</a></li>
									<li class='skip'><a href='#!'>Skip</a></li>
									<li class='divider'></li>
									<li class='clear'><a href='#!'>Clear Filters</a></li>
								</ul>
							</div>
							<div>
								<a class='btn-floating btn-small waves-effect waves-light grey' id='clear-filters' alt='Clear Filters' title='Clear Filters'>
									<i class='mdi-navigation-close'></i>
								</a>
							</div>
							<div>
								<a class='btn-floating btn-small waves-effect waves-light grey' id='enableDashboard' alt='Enable Dashboard' title='Enable Dashboard'>
									<i class='mdi-action-track-changes'></i>
								</a>
							</div>
							<div>
								<a class='btn-floating btn-small waves-effect waves-light blue enabled' id='refreshCharts' alt='Refresh Charts on Filters' title='Refresh Charts on Filters'>
									<i class='mdi-navigation-refresh'></i>
								</a>
							</div>
							<div class='search' alt='Search Tests' title='Search Tests'>
								<div class='input-field left'>
									<input id='searchTests' type='text' class='validate' placeholder='Search Tests...'>
								</div>
								<a href="#" class='btn-floating btn-small waves-effect waves-light grey'>
									<i class='mdi-action-search'></i>
								</a>
							</div>
						</div>
						<div class='card-panel no-padding-h no-padding-v no-margin-v'>
							<div class='wrapper'>
								<ul id='test-collection' class='test-collection'>
										<li class='collection-item test displayed active fail ' extentid='f66dcb03-5199-4359-a265-d6c0aac70dd8'>
											<div class='test-head'>
												<span class='test-name'>testHomePageLoadPNG(selenium.tests.web.HomePageNetworkTest) </span>
												<span class='test-status label right outline capitalize fail'>fail</span>
												<span class='category-assigned hide '></span>
											</div>
											<div class='test-body'>
												<div class='test-info'>
													<span title='Test started time' alt='Test started time' class='test-started-time label green lighten-1 text-white'>2019-05-14 10:43:51</span>
													<span title='Test ended time' alt='Test ended time' class='test-ended-time label red lighten-1 text-white'>2019-05-14 10:43:51</span>
													<span title='Time taken to finish' alt='Time taken to finish' class='test-time-taken label blue-grey lighten-3 text-white'>0h 0m 0s+0ms</span>
												</div>
												<div class='test-desc'>Test failed, getText here for further details</div>
												<div class='test-attributes'>
												</div>
												<div class='test-steps'>
													<table class='bordered table-results'>
														<thead>
															<tr>
																<th>Status</th>
																<th>Timestamp</th>
																<th>Details</th>
															</tr>
														</thead>
														<tbody>
																<tr>
																	<td class='status info' title='info' alt='info'><i class='mdi-action-info-outline'></i></td>
																	<td class='timestamp'>10:43:51</td>
																	<td class='step-details'>Description : Anasayfa yüklenirken yapılan png/jpg request lerin 200 (ok) olduğunun kontrolü</td>
																</tr>
																<tr>
																	<td class='status fail' title='fail' alt='fail'><i class='mdi-navigation-cancel'></i></td>
																	<td class='timestamp'>10:43:51</td>
																	<td class='step-details'>Session id : null</td>
																</tr>
																<tr>
																	<td class='status fail' title='fail' alt='fail'><i class='mdi-navigation-cancel'></i></td>
																	<td class='timestamp'>10:43:51</td>
																	<td class='step-details'>Stack Trace : java.lang.IllegalStateException: The driver executable does not exist: /Users/enes.aydin/Desktop/kiehls/drivers/chromedriver</td>
																</tr>
																<tr>
																	<td class='status fail' title='fail' alt='fail'><i class='mdi-navigation-cancel'></i></td>
																	<td class='timestamp'>10:43:51</td>
																	<td class='step-details'>Page Source File : /Users/sezai.can/Documents/sezfree/kiehls/kiehls/target/PageSource/testHomePageLoadPNG-DOM.txt</td>
																</tr>
														</tbody>
													</table>
													<ul class='collapsible node-list' data-collapsible='accordion'>
													</ul>
												</div>
											</div>
										</li>
										<li class='collection-item test displayed active fail ' extentid='2711c182-c0f3-4e01-af19-96e7133b1b68'>
											<div class='test-head'>
												<span class='test-name'>testHomePageLoadPNG(selenium.tests.web.HomePageNetworkTest) </span>
												<span class='test-status label right outline capitalize fail'>fail</span>
												<span class='category-assigned hide '></span>
											</div>
											<div class='test-body'>
												<div class='test-info'>
													<span title='Test started time' alt='Test started time' class='test-started-time label green lighten-1 text-white'>2019-05-14 10:45:58</span>
													<span title='Test ended time' alt='Test ended time' class='test-ended-time label red lighten-1 text-white'>2019-05-14 10:45:58</span>
													<span title='Time taken to finish' alt='Time taken to finish' class='test-time-taken label blue-grey lighten-3 text-white'>0h 0m 0s+0ms</span>
												</div>
												<div class='test-desc'>Test failed, getText here for further details</div>
												<div class='test-attributes'>
												</div>
												<div class='test-steps'>
													<table class='bordered table-results'>
														<thead>
															<tr>
																<th>Status</th>
																<th>Timestamp</th>
																<th>Details</th>
															</tr>
														</thead>
														<tbody>
																<tr>
																	<td class='status info' title='info' alt='info'><i class='mdi-action-info-outline'></i></td>
																	<td class='timestamp'>10:45:58</td>
																	<td class='step-details'>Description : Anasayfa yüklenirken yapılan png/jpg request lerin 200 (ok) olduğunun kontrolü</td>
																</tr>
																<tr>
																	<td class='status fail' title='fail' alt='fail'><i class='mdi-navigation-cancel'></i></td>
																	<td class='timestamp'>10:45:58</td>
																	<td class='step-details'>Session id : null</td>
																</tr>
																<tr>
																	<td class='status fail' title='fail' alt='fail'><i class='mdi-navigation-cancel'></i></td>
																	<td class='timestamp'>10:45:58</td>
																	<td class='step-details'>Stack Trace : java.lang.IllegalStateException: The driver executable does not exist: /Users/sezai.can/Desktop/kiehls/drivers/chromedriver</td>
																</tr>
																<tr>
																	<td class='status fail' title='fail' alt='fail'><i class='mdi-navigation-cancel'></i></td>
																	<td class='timestamp'>10:45:58</td>
																	<td class='step-details'>Page Source File : /Users/sezai.can/Documents/sezfree/kiehls/kiehls/target/PageSource/testHomePageLoadPNG-DOM.txt</td>
																</tr>
														</tbody>
													</table>
													<ul class='collapsible node-list' data-collapsible='accordion'>
													</ul>
												</div>
											</div>
										</li>
										<li class='collection-item test displayed active pass ' extentid='db0cb9e2-8d71-46e3-880e-4076eacbc680'>
											<div class='test-head'>
												<span class='test-name'>testHomePageLoadPNG(selenium.tests.web.HomePageNetworkTest) </span>
												<span class='test-status label right outline capitalize pass'>pass</span>
												<span class='category-assigned hide '></span>
											</div>
											<div class='test-body'>
												<div class='test-info'>
													<span title='Test started time' alt='Test started time' class='test-started-time label green lighten-1 text-white'>2019-05-14 10:47:03</span>
													<span title='Test ended time' alt='Test ended time' class='test-ended-time label red lighten-1 text-white'>2019-05-14 10:47:03</span>
													<span title='Time taken to finish' alt='Time taken to finish' class='test-time-taken label blue-grey lighten-3 text-white'>0h 0m 0s+0ms</span>
												</div>
												<div class='test-desc'>-</div>
												<div class='test-attributes'>
												</div>
												<div class='test-steps'>
													<table class='bordered table-results'>
														<thead>
															<tr>
																<th>Status</th>
																<th>Timestamp</th>
																<th>Details</th>
															</tr>
														</thead>
														<tbody>
																<tr>
																	<td class='status info' title='info' alt='info'><i class='mdi-action-info-outline'></i></td>
																	<td class='timestamp'>10:47:03</td>
																	<td class='step-details'>Description : Anasayfa yüklenirken yapılan png/jpg request lerin 200 (ok) olduğunun kontrolü</td>
																</tr>
																<tr>
																	<td class='status pass' title='pass' alt='pass'><i class='mdi-action-check-circle'></i></td>
																	<td class='timestamp'>10:47:03</td>
																	<td class='step-details'>Session id : 3fffac90efb527358685e2969b62ff65</td>
																</tr>
														</tbody>
													</table>
													<ul class='collapsible node-list' data-collapsible='accordion'>
													</ul>
												</div>
											</div>
										</li>
										<li class='collection-item test displayed active fail ' extentid='2cb8aa20-3a50-4fda-9827-de212f7564bd'>
											<div class='test-head'>
												<span class='test-name'>testShoppingColdCreamCategoryWithGuestLogin(selenium.tests.web.ShoppingTest) </span>
												<span class='test-status label right outline capitalize fail'>fail</span>
												<span class='category-assigned hide '></span>
											</div>
											<div class='test-body'>
												<div class='test-info'>
													<span title='Test started time' alt='Test started time' class='test-started-time label green lighten-1 text-white'>2019-05-16 11:02:57</span>
													<span title='Test ended time' alt='Test ended time' class='test-ended-time label red lighten-1 text-white'>2019-05-16 11:02:57</span>
													<span title='Time taken to finish' alt='Time taken to finish' class='test-time-taken label blue-grey lighten-3 text-white'>0h 0m 0s+0ms</span>
												</div>
												<div class='test-desc'>Test failed, getText here for further details</div>
												<div class='test-attributes'>
												</div>
												<div class='test-steps'>
													<table class='bordered table-results'>
														<thead>
															<tr>
																<th>Status</th>
																<th>Timestamp</th>
																<th>Details</th>
															</tr>
														</thead>
														<tbody>
																<tr>
																	<td class='status info' title='info' alt='info'><i class='mdi-action-info-outline'></i></td>
																	<td class='timestamp'>11:02:57</td>
																	<td class='step-details'>Description : Alişveriş süreci ve satın almak ekranı kontrolu</td>
																</tr>
																<tr>
																	<td class='status fail' title='fail' alt='fail'><i class='mdi-navigation-cancel'></i></td>
																	<td class='timestamp'>11:02:57</td>
																	<td class='step-details'>Session id : null</td>
																</tr>
																<tr>
																	<td class='status fail' title='fail' alt='fail'><i class='mdi-navigation-cancel'></i></td>
																	<td class='timestamp'>11:02:57</td>
																	<td class='step-details'>Stack Trace : java.lang.IllegalStateException: The driver executable does not exist: /Users/enes.aydin/Desktop/kiehls/drivers/chromedriver</td>
																</tr>
																<tr>
																	<td class='status fail' title='fail' alt='fail'><i class='mdi-navigation-cancel'></i></td>
																	<td class='timestamp'>11:02:57</td>
																	<td class='step-details'>Page Source File : /Users/sezai.can/Documents/sezfree/kiehls/kiehls/target/PageSource/testShoppingColdCreamCategoryWithGuestLogin-DOM.txt</td>
																</tr>
														</tbody>
													</table>
													<ul class='collapsible node-list' data-collapsible='accordion'>
													</ul>
												</div>
											</div>
										</li>
										<li class='collection-item test displayed active fail ' extentid='e4c67d5b-3929-40be-88cb-bf5633e540e0'>
											<div class='test-head'>
												<span class='test-name'>testShoppingColdCreamCategoryWithGuestLogin(selenium.tests.web.ShoppingTest) </span>
												<span class='test-status label right outline capitalize fail'>fail</span>
												<span class='category-assigned hide '></span>
											</div>
											<div class='test-body'>
												<div class='test-info'>
													<span title='Test started time' alt='Test started time' class='test-started-time label green lighten-1 text-white'>2019-05-16 11:04:12</span>
													<span title='Test ended time' alt='Test ended time' class='test-ended-time label red lighten-1 text-white'>2019-05-16 11:04:12</span>
													<span title='Time taken to finish' alt='Time taken to finish' class='test-time-taken label blue-grey lighten-3 text-white'>0h 0m 0s+0ms</span>
												</div>
												<div class='test-desc'>Test failed, getText here for further details</div>
												<div class='test-attributes'>
												</div>
												<div class='test-steps'>
													<table class='bordered table-results'>
														<thead>
															<tr>
																<th>Status</th>
																<th>Timestamp</th>
																<th>Details</th>
															</tr>
														</thead>
														<tbody>
																<tr>
																	<td class='status info' title='info' alt='info'><i class='mdi-action-info-outline'></i></td>
																	<td class='timestamp'>11:04:12</td>
																	<td class='step-details'>Description : Alişveriş süreci ve satın almak ekranı kontrolu</td>
																</tr>
																<tr>
																	<td class='status fail' title='fail' alt='fail'><i class='mdi-navigation-cancel'></i></td>
																	<td class='timestamp'>11:04:12</td>
																	<td class='step-details'>Session id : 589c93b646ce5c9aecee4dc04d0ecf0a</td>
																</tr>
																<tr>
																	<td class='status fail' title='fail' alt='fail'><i class='mdi-navigation-cancel'></i></td>
																	<td class='timestamp'>11:04:12</td>
																	<td class='step-details'>Stack Trace : org.openqa.selenium.NoSuchElementException: no such element: Unable to locate element: {"method":"css selector","selector":".pro-product-detail-title"} (Session info: chrome=74.0.3729.157) (Driver info: chromedriver=2.46.628411 (3324f4c8be9ff2f70a05a30ebc72ffb013e1a71e),platform=Mac OS X 10.14.4 x86_64) (WARNING: The server did not provide any stacktrace information) Command duration or timeout: 16 milliseconds For documentation on this error, please visit: http://seleniumhq.org/exceptions/no_such_element.html Build info: version: '3.4.0', revision: 'unknown', time: 'unknown' System info: host: 'sezais-MacBook-Pro.local', ip: 'fe80:0:0:0:147d:40b7:78b5:ada1%en0', os.name: 'Mac OS X', os.arch: 'x86_64', os.version: '10.14.4', java.version: '1.8.0_66' Driver info: org.openqa.selenium.chrome.ChromeDriver Capabilities [{mobileEmulationEnabled=false, timeouts={implicit=0.0, pageLoad=300000.0, script=30000.0}, hasTouchScreen=false, platform=MAC, acceptSslCerts=false, goog:chromeOptions={debuggerAddress=localhost:57473}, acceptInsecureCerts=false, webStorageEnabled=true, browserName=chrome, takesScreenshot=true, javascriptEnabled=true, setWindowRect=true, unexpectedAlertBehaviour=ignore, applicationCacheEnabled=false, rotatable=false, networkConnectionEnabled=false, chrome={chromedriverVersion=2.46.628411 (3324f4c8be9ff2f70a05a30ebc72ffb013e1a71e), userDataDir=/var/folders/5v/yl3y85t159zb08x1vbzzz8p4qgtcgs/T/.org.chromium.Chromium.J9CIsB}, takesHeapSnapshot=true, pageLoadStrategy=normal, strictFileInteractability=false, databaseEnabled=false, handlesAlerts=true, version=74.0.3729.157, browserConnectionEnabled=false, proxy=Proxy(manual, http=sezais-MacBook-Pro.local:57452, ssl=sezais-MacBook-Pro.local:57452), nativeEvents=true, locationContextEnabled=true, cssSelectorsEnabled=true}] Session ID: 589c93b646ce5c9aecee4dc04d0ecf0a *** Element info: {Using=css selector, value=.pro-product-detail-title}</td>
																</tr>
																<tr>
																	<td class='status fail' title='fail' alt='fail'><i class='mdi-navigation-cancel'></i></td>
																	<td class='timestamp'>11:04:12</td>
																	<td class='step-details'>Page Source File : /Users/sezai.can/Documents/sezfree/kiehls/kiehls/target/PageSource/testShoppingColdCreamCategoryWithGuestLogin-DOM.txt</td>
																</tr>
														</tbody>
													</table>
													<ul class='collapsible node-list' data-collapsible='accordion'>
													</ul>
												</div>
											</div>
										</li>
										<li class='collection-item test displayed active fail ' extentid='3c40e69f-52bd-4812-b4cb-7f13d49d6462'>
											<div class='test-head'>
												<span class='test-name'>testShoppingColdCreamCategoryWithGuestLogin(selenium.tests.web.ShoppingTest) </span>
												<span class='test-status label right outline capitalize fail'>fail</span>
												<span class='category-assigned hide '></span>
											</div>
											<div class='test-body'>
												<div class='test-info'>
													<span title='Test started time' alt='Test started time' class='test-started-time label green lighten-1 text-white'>2019-05-16 11:09:16</span>
													<span title='Test ended time' alt='Test ended time' class='test-ended-time label red lighten-1 text-white'>2019-05-16 11:09:16</span>
													<span title='Time taken to finish' alt='Time taken to finish' class='test-time-taken label blue-grey lighten-3 text-white'>0h 0m 0s+0ms</span>
												</div>
												<div class='test-desc'>Test failed, getText here for further details</div>
												<div class='test-attributes'>
												</div>
												<div class='test-steps'>
													<table class='bordered table-results'>
														<thead>
															<tr>
																<th>Status</th>
																<th>Timestamp</th>
																<th>Details</th>
															</tr>
														</thead>
														<tbody>
																<tr>
																	<td class='status info' title='info' alt='info'><i class='mdi-action-info-outline'></i></td>
																	<td class='timestamp'>11:09:16</td>
																	<td class='step-details'>Description : Alişveriş süreci ve satın almak ekranı kontrolu</td>
																</tr>
																<tr>
																	<td class='status fail' title='fail' alt='fail'><i class='mdi-navigation-cancel'></i></td>
																	<td class='timestamp'>11:09:16</td>
																	<td class='step-details'>Session id : afb1bdf1974313b3a2997e81f04e54bf</td>
																</tr>
																<tr>
																	<td class='status fail' title='fail' alt='fail'><i class='mdi-navigation-cancel'></i></td>
																	<td class='timestamp'>11:09:16</td>
																	<td class='step-details'>Stack Trace : org.openqa.selenium.NoSuchElementException: no such element: Unable to locate element: {"method":"css selector","selector":".pro-product-detail-title"} (Session info: chrome=74.0.3729.157) (Driver info: chromedriver=2.46.628411 (3324f4c8be9ff2f70a05a30ebc72ffb013e1a71e),platform=Mac OS X 10.14.4 x86_64) (WARNING: The server did not provide any stacktrace information) Command duration or timeout: 18 milliseconds For documentation on this error, please visit: http://seleniumhq.org/exceptions/no_such_element.html Build info: version: '3.4.0', revision: 'unknown', time: 'unknown' System info: host: 'sezais-MacBook-Pro.local', ip: 'fe80:0:0:0:147d:40b7:78b5:ada1%en0', os.name: 'Mac OS X', os.arch: 'x86_64', os.version: '10.14.4', java.version: '1.8.0_66' Driver info: org.openqa.selenium.chrome.ChromeDriver Capabilities [{mobileEmulationEnabled=false, timeouts={implicit=0.0, pageLoad=300000.0, script=30000.0}, hasTouchScreen=false, platform=MAC, acceptSslCerts=false, goog:chromeOptions={debuggerAddress=localhost:59539}, acceptInsecureCerts=false, webStorageEnabled=true, browserName=chrome, takesScreenshot=true, javascriptEnabled=true, setWindowRect=true, unexpectedAlertBehaviour=ignore, applicationCacheEnabled=false, rotatable=false, networkConnectionEnabled=false, chrome={chromedriverVersion=2.46.628411 (3324f4c8be9ff2f70a05a30ebc72ffb013e1a71e), userDataDir=/var/folders/5v/yl3y85t159zb08x1vbzzz8p4qgtcgs/T/.org.chromium.Chromium.4l8Nyd}, takesHeapSnapshot=true, pageLoadStrategy=normal, strictFileInteractability=false, databaseEnabled=false, handlesAlerts=true, version=74.0.3729.157, browserConnectionEnabled=false, proxy=Proxy(manual, http=sezais-MacBook-Pro.local:59503, ssl=sezais-MacBook-Pro.local:59503), nativeEvents=true, locationContextEnabled=true, cssSelectorsEnabled=true}] Session ID: afb1bdf1974313b3a2997e81f04e54bf *** Element info: {Using=css selector, value=.pro-product-detail-title}</td>
																</tr>
																<tr>
																	<td class='status fail' title='fail' alt='fail'><i class='mdi-navigation-cancel'></i></td>
																	<td class='timestamp'>11:09:16</td>
																	<td class='step-details'>Page Source File : /Users/sezai.can/Documents/sezfree/kiehls/kiehls/target/PageSource/testShoppingColdCreamCategoryWithGuestLogin-DOM.txt</td>
																</tr>
														</tbody>
													</table>
													<ul class='collapsible node-list' data-collapsible='accordion'>
													</ul>
												</div>
											</div>
										</li>
										<li class='collection-item test displayed active fail ' extentid='c263ab94-084b-4cc1-ab75-d182fa98bc94'>
											<div class='test-head'>
												<span class='test-name'>testShoppingColdCreamCategoryWithGuestLogin(selenium.tests.web.ShoppingTest) </span>
												<span class='test-status label right outline capitalize fail'>fail</span>
												<span class='category-assigned hide '></span>
											</div>
											<div class='test-body'>
												<div class='test-info'>
													<span title='Test started time' alt='Test started time' class='test-started-time label green lighten-1 text-white'>2019-05-16 11:28:48</span>
													<span title='Test ended time' alt='Test ended time' class='test-ended-time label red lighten-1 text-white'>2019-05-16 11:28:48</span>
													<span title='Time taken to finish' alt='Time taken to finish' class='test-time-taken label blue-grey lighten-3 text-white'>0h 0m 0s+0ms</span>
												</div>
												<div class='test-desc'>Test failed, getText here for further details</div>
												<div class='test-attributes'>
												</div>
												<div class='test-steps'>
													<table class='bordered table-results'>
														<thead>
															<tr>
																<th>Status</th>
																<th>Timestamp</th>
																<th>Details</th>
															</tr>
														</thead>
														<tbody>
																<tr>
																	<td class='status info' title='info' alt='info'><i class='mdi-action-info-outline'></i></td>
																	<td class='timestamp'>11:28:48</td>
																	<td class='step-details'>Description : Alişveriş süreci ve satın almak ekranı kontrolu</td>
																</tr>
																<tr>
																	<td class='status fail' title='fail' alt='fail'><i class='mdi-navigation-cancel'></i></td>
																	<td class='timestamp'>11:28:48</td>
																	<td class='step-details'>Session id : 218e57b0636649c7e3785e4592c13656</td>
																</tr>
																<tr>
																	<td class='status fail' title='fail' alt='fail'><i class='mdi-navigation-cancel'></i></td>
																	<td class='timestamp'>11:28:48</td>
																	<td class='step-details'>Stack Trace : org.openqa.selenium.WebDriverException: unknown error: Element <button id="add-basket-button" class="btn btn-block primary-button   with-reminder-button btn-lg add-basket-button pro-action-add-basket " data-product-id="3318" data-product-group-id="11219" data-quantity="1" data-quantity-type="ADET" data-product-no="" data-button-text="..." data-reminder-button-text="HABER VER">Sepete Ekle</button> is not clickable at point (1030, 630). Other element would receive the click: <iframe id="designstudio-iframe" style="-webkit-transform:translateZ(0);-moz-transform:translateZ(0);-ms-transform:translateZ(0);transform:translateZ(0);display:block;position:absolute;border:none;width:100%;height:100%;" name="designstudio-frame" title="Live Chat Box"></iframe> (Session info: chrome=74.0.3729.157) (Driver info: chromedriver=2.46.628411 (3324f4c8be9ff2f70a05a30ebc72ffb013e1a71e),platform=Mac OS X 10.14.4 x86_64) (WARNING: The server did not provide any stacktrace information) Command duration or timeout: 40 milliseconds Build info: version: '3.4.0', revision: 'unknown', time: 'unknown' System info: host: 'sezais-MacBook-Pro.local', ip: 'fe80:0:0:0:147d:40b7:78b5:ada1%en0', os.name: 'Mac OS X', os.arch: 'x86_64', os.version: '10.14.4', java.version: '1.8.0_66' Driver info: org.openqa.selenium.chrome.ChromeDriver Capabilities [{mobileEmulationEnabled=false, timeouts={implicit=0.0, pageLoad=300000.0, script=30000.0}, hasTouchScreen=false, platform=MAC, acceptSslCerts=false, goog:chromeOptions={debuggerAddress=localhost:50077}, acceptInsecureCerts=false, webStorageEnabled=true, browserName=chrome, takesScreenshot=true, javascriptEnabled=true, setWindowRect=true, unexpectedAlertBehaviour=ignore, applicationCacheEnabled=false, rotatable=false, networkConnectionEnabled=false, chrome={chromedriverVersion=2.46.628411 (3324f4c8be9ff2f70a05a30ebc72ffb013e1a71e), userDataDir=/var/folders/5v/yl3y85t159zb08x1vbzzz8p4qgtcgs/T/.org.chromium.Chromium.rpwu4o}, takesHeapSnapshot=true, pageLoadStrategy=normal, strictFileInteractability=false, databaseEnabled=false, handlesAlerts=true, version=74.0.3729.157, browserConnectionEnabled=false, proxy=Proxy(manual, http=sezais-MacBook-Pro.local:50067, ssl=sezais-MacBook-Pro.local:50067), nativeEvents=true, locationContextEnabled=true, cssSelectorsEnabled=true}] Session ID: 218e57b0636649c7e3785e4592c13656</td>
																</tr>
																<tr>
																	<td class='status fail' title='fail' alt='fail'><i class='mdi-navigation-cancel'></i></td>
																	<td class='timestamp'>11:28:48</td>
																	<td class='step-details'>Page Source File : /Users/sezai.can/Documents/sezfree/kiehls/kiehls/target/PageSource/testShoppingColdCreamCategoryWithGuestLogin-DOM.txt</td>
																</tr>
														</tbody>
													</table>
													<ul class='collapsible node-list' data-collapsible='accordion'>
													</ul>
												</div>
											</div>
										</li>
										<li class='collection-item test displayed active fail ' extentid='eaea2717-c795-4645-91c0-08cf98fcbe56'>
											<div class='test-head'>
												<span class='test-name'>testShoppingColdCreamCategoryWithGuestLogin(selenium.tests.web.ShoppingTest) </span>
												<span class='test-status label right outline capitalize fail'>fail</span>
												<span class='category-assigned hide '></span>
											</div>
											<div class='test-body'>
												<div class='test-info'>
													<span title='Test started time' alt='Test started time' class='test-started-time label green lighten-1 text-white'>2019-05-16 11:35:32</span>
													<span title='Test ended time' alt='Test ended time' class='test-ended-time label red lighten-1 text-white'>2019-05-16 11:35:32</span>
													<span title='Time taken to finish' alt='Time taken to finish' class='test-time-taken label blue-grey lighten-3 text-white'>0h 0m 0s+0ms</span>
												</div>
												<div class='test-desc'>Test failed, getText here for further details</div>
												<div class='test-attributes'>
												</div>
												<div class='test-steps'>
													<table class='bordered table-results'>
														<thead>
															<tr>
																<th>Status</th>
																<th>Timestamp</th>
																<th>Details</th>
															</tr>
														</thead>
														<tbody>
																<tr>
																	<td class='status info' title='info' alt='info'><i class='mdi-action-info-outline'></i></td>
																	<td class='timestamp'>11:35:32</td>
																	<td class='step-details'>Description : Alişveriş süreci ve satın almak ekranı kontrolu</td>
																</tr>
																<tr>
																	<td class='status fail' title='fail' alt='fail'><i class='mdi-navigation-cancel'></i></td>
																	<td class='timestamp'>11:35:32</td>
																	<td class='step-details'>Session id : 11f2b19b6f465486a95419631fcb079e</td>
																</tr>
																<tr>
																	<td class='status fail' title='fail' alt='fail'><i class='mdi-navigation-cancel'></i></td>
																	<td class='timestamp'>11:35:32</td>
																	<td class='step-details'>Stack Trace : org.openqa.selenium.NoSuchElementException: no such element: Unable to locate element: {"method":"css selector","selector":".pro-product-detail-title"} (Session info: chrome=74.0.3729.157) (Driver info: chromedriver=2.46.628411 (3324f4c8be9ff2f70a05a30ebc72ffb013e1a71e),platform=Mac OS X 10.14.4 x86_64) (WARNING: The server did not provide any stacktrace information) Command duration or timeout: 21 milliseconds For documentation on this error, please visit: http://seleniumhq.org/exceptions/no_such_element.html Build info: version: '3.4.0', revision: 'unknown', time: 'unknown' System info: host: 'sezais-MacBook-Pro.local', ip: 'fe80:0:0:0:147d:40b7:78b5:ada1%en0', os.name: 'Mac OS X', os.arch: 'x86_64', os.version: '10.14.4', java.version: '1.8.0_66' Driver info: org.openqa.selenium.chrome.ChromeDriver Capabilities [{mobileEmulationEnabled=false, timeouts={implicit=0.0, pageLoad=300000.0, script=30000.0}, hasTouchScreen=false, platform=MAC, acceptSslCerts=false, goog:chromeOptions={debuggerAddress=localhost:52889}, acceptInsecureCerts=false, webStorageEnabled=true, browserName=chrome, takesScreenshot=true, javascriptEnabled=true, setWindowRect=true, unexpectedAlertBehaviour=ignore, applicationCacheEnabled=false, rotatable=false, networkConnectionEnabled=false, chrome={chromedriverVersion=2.46.628411 (3324f4c8be9ff2f70a05a30ebc72ffb013e1a71e), userDataDir=/var/folders/5v/yl3y85t159zb08x1vbzzz8p4qgtcgs/T/.org.chromium.Chromium.6vYfe0}, takesHeapSnapshot=true, pageLoadStrategy=normal, strictFileInteractability=false, databaseEnabled=false, handlesAlerts=true, version=74.0.3729.157, browserConnectionEnabled=false, proxy=Proxy(manual, http=sezais-MacBook-Pro.local:52879, ssl=sezais-MacBook-Pro.local:52879), nativeEvents=true, locationContextEnabled=true, cssSelectorsEnabled=true}] Session ID: 11f2b19b6f465486a95419631fcb079e *** Element info: {Using=css selector, value=.pro-product-detail-title}</td>
																</tr>
																<tr>
																	<td class='status fail' title='fail' alt='fail'><i class='mdi-navigation-cancel'></i></td>
																	<td class='timestamp'>11:35:32</td>
																	<td class='step-details'>Page Source File : /Users/sezai.can/Documents/sezfree/kiehls/kiehls/target/PageSource/testShoppingColdCreamCategoryWithGuestLogin-DOM.txt</td>
																</tr>
														</tbody>
													</table>
													<ul class='collapsible node-list' data-collapsible='accordion'>
													</ul>
												</div>
											</div>
										</li>
										<li class='collection-item test displayed active fail ' extentid='ea679687-62b3-45e0-8e10-4057e0a1f67e'>
											<div class='test-head'>
												<span class='test-name'>testShoppingColdCreamCategoryWithGuestLogin(selenium.tests.web.ShoppingTest) </span>
												<span class='test-status label right outline capitalize fail'>fail</span>
												<span class='category-assigned hide '></span>
											</div>
											<div class='test-body'>
												<div class='test-info'>
													<span title='Test started time' alt='Test started time' class='test-started-time label green lighten-1 text-white'>2019-05-16 11:42:05</span>
													<span title='Test ended time' alt='Test ended time' class='test-ended-time label red lighten-1 text-white'>2019-05-16 11:42:05</span>
													<span title='Time taken to finish' alt='Time taken to finish' class='test-time-taken label blue-grey lighten-3 text-white'>0h 0m 0s+0ms</span>
												</div>
												<div class='test-desc'>Test failed, getText here for further details</div>
												<div class='test-attributes'>
												</div>
												<div class='test-steps'>
													<table class='bordered table-results'>
														<thead>
															<tr>
																<th>Status</th>
																<th>Timestamp</th>
																<th>Details</th>
															</tr>
														</thead>
														<tbody>
																<tr>
																	<td class='status info' title='info' alt='info'><i class='mdi-action-info-outline'></i></td>
																	<td class='timestamp'>11:42:05</td>
																	<td class='step-details'>Description : Alişveriş süreci ve satın almak ekranı kontrolu</td>
																</tr>
																<tr>
																	<td class='status fail' title='fail' alt='fail'><i class='mdi-navigation-cancel'></i></td>
																	<td class='timestamp'>11:42:05</td>
																	<td class='step-details'>Session id : a3c11c00df640d3bda8558ca76e0af68</td>
																</tr>
																<tr>
																	<td class='status fail' title='fail' alt='fail'><i class='mdi-navigation-cancel'></i></td>
																	<td class='timestamp'>11:42:05</td>
																	<td class='step-details'>Stack Trace : java.lang.NumberFormatException: For input string: "169,00"</td>
																</tr>
																<tr>
																	<td class='status fail' title='fail' alt='fail'><i class='mdi-navigation-cancel'></i></td>
																	<td class='timestamp'>11:42:05</td>
																	<td class='step-details'>Page Source File : /Users/sezai.can/Documents/sezfree/kiehls/kiehls/target/PageSource/testShoppingColdCreamCategoryWithGuestLogin-DOM.txt</td>
																</tr>
														</tbody>
													</table>
													<ul class='collapsible node-list' data-collapsible='accordion'>
													</ul>
												</div>
											</div>
										</li>
										<li class='collection-item test displayed active fail ' extentid='f30630e3-d9b3-4278-a0cd-2fd1fc83bf91'>
											<div class='test-head'>
												<span class='test-name'>testShoppingColdCreamCategoryWithGuestLogin(selenium.tests.web.ShoppingTest) </span>
												<span class='test-status label right outline capitalize fail'>fail</span>
												<span class='category-assigned hide '></span>
											</div>
											<div class='test-body'>
												<div class='test-info'>
													<span title='Test started time' alt='Test started time' class='test-started-time label green lighten-1 text-white'>2019-05-16 11:44:09</span>
													<span title='Test ended time' alt='Test ended time' class='test-ended-time label red lighten-1 text-white'>2019-05-16 11:44:09</span>
													<span title='Time taken to finish' alt='Time taken to finish' class='test-time-taken label blue-grey lighten-3 text-white'>0h 0m 0s+0ms</span>
												</div>
												<div class='test-desc'>Test failed, getText here for further details</div>
												<div class='test-attributes'>
												</div>
												<div class='test-steps'>
													<table class='bordered table-results'>
														<thead>
															<tr>
																<th>Status</th>
																<th>Timestamp</th>
																<th>Details</th>
															</tr>
														</thead>
														<tbody>
																<tr>
																	<td class='status info' title='info' alt='info'><i class='mdi-action-info-outline'></i></td>
																	<td class='timestamp'>11:44:09</td>
																	<td class='step-details'>Description : Alişveriş süreci ve satın almak ekranı kontrolu</td>
																</tr>
																<tr>
																	<td class='status fail' title='fail' alt='fail'><i class='mdi-navigation-cancel'></i></td>
																	<td class='timestamp'>11:44:09</td>
																	<td class='step-details'>Session id : 8a123b0de7938900d2cb8a86d1fcbda7</td>
																</tr>
																<tr>
																	<td class='status fail' title='fail' alt='fail'><i class='mdi-navigation-cancel'></i></td>
																	<td class='timestamp'>11:44:09</td>
																	<td class='step-details'>Stack Trace : java.lang.NumberFormatException: For input string: "169,00"</td>
																</tr>
																<tr>
																	<td class='status fail' title='fail' alt='fail'><i class='mdi-navigation-cancel'></i></td>
																	<td class='timestamp'>11:44:09</td>
																	<td class='step-details'>Page Source File : /Users/sezai.can/Documents/sezfree/kiehls/kiehls/target/PageSource/testShoppingColdCreamCategoryWithGuestLogin-DOM.txt</td>
																</tr>
														</tbody>
													</table>
													<ul class='collapsible node-list' data-collapsible='accordion'>
													</ul>
												</div>
											</div>
										</li>
										<li class='collection-item test displayed active fail ' extentid='deb812d4-a295-49a9-b187-c4fb5612f6f4'>
											<div class='test-head'>
												<span class='test-name'>testShoppingColdCreamCategoryWithGuestLogin(selenium.tests.web.ShoppingTest) </span>
												<span class='test-status label right outline capitalize fail'>fail</span>
												<span class='category-assigned hide '></span>
											</div>
											<div class='test-body'>
												<div class='test-info'>
													<span title='Test started time' alt='Test started time' class='test-started-time label green lighten-1 text-white'>2019-05-16 11:54:33</span>
													<span title='Test ended time' alt='Test ended time' class='test-ended-time label red lighten-1 text-white'>2019-05-16 11:54:33</span>
													<span title='Time taken to finish' alt='Time taken to finish' class='test-time-taken label blue-grey lighten-3 text-white'>0h 0m 0s+0ms</span>
												</div>
												<div class='test-desc'>Test failed, getText here for further details</div>
												<div class='test-attributes'>
												</div>
												<div class='test-steps'>
													<table class='bordered table-results'>
														<thead>
															<tr>
																<th>Status</th>
																<th>Timestamp</th>
																<th>Details</th>
															</tr>
														</thead>
														<tbody>
																<tr>
																	<td class='status info' title='info' alt='info'><i class='mdi-action-info-outline'></i></td>
																	<td class='timestamp'>11:54:33</td>
																	<td class='step-details'>Description : Alişveriş süreci ve satın almak ekranı kontrolu</td>
																</tr>
																<tr>
																	<td class='status fail' title='fail' alt='fail'><i class='mdi-navigation-cancel'></i></td>
																	<td class='timestamp'>11:54:33</td>
																	<td class='step-details'>Session id : a07b40ce53ec17351739e3039c063173</td>
																</tr>
																<tr>
																	<td class='status fail' title='fail' alt='fail'><i class='mdi-navigation-cancel'></i></td>
																	<td class='timestamp'>11:54:33</td>
																	<td class='step-details'>Stack Trace : java.lang.AssertionError: Total Price expected:&lt;179&gt; but was: 
<optional[179]></optional[179]></td>
																</tr>
																<tr>
																	<td class='status fail' title='fail' alt='fail'><i class='mdi-navigation-cancel'></i></td>
																	<td class='timestamp'>11:54:33</td>
																	<td class='step-details'>Page Source File : /Users/sezai.can/Documents/sezfree/kiehls/kiehls/target/PageSource/testShoppingColdCreamCategoryWithGuestLogin-DOM.txt</td>
																</tr>
														</tbody>
													</table>
													<ul class='collapsible node-list' data-collapsible='accordion'>
													</ul>
												</div>
											</div>
										</li>
										<li class='collection-item test displayed active fail ' extentid='1cc7159d-870e-425c-b853-0b4b16020a5a'>
											<div class='test-head'>
												<span class='test-name'>testShoppingColdCreamCategoryWithGuestLogin(selenium.tests.web.ShoppingTest) </span>
												<span class='test-status label right outline capitalize fail'>fail</span>
												<span class='category-assigned hide '></span>
											</div>
											<div class='test-body'>
												<div class='test-info'>
													<span title='Test started time' alt='Test started time' class='test-started-time label green lighten-1 text-white'>2019-05-16 11:58:15</span>
													<span title='Test ended time' alt='Test ended time' class='test-ended-time label red lighten-1 text-white'>2019-05-16 11:58:15</span>
													<span title='Time taken to finish' alt='Time taken to finish' class='test-time-taken label blue-grey lighten-3 text-white'>0h 0m 0s+0ms</span>
												</div>
												<div class='test-desc'>Test failed, getText here for further details</div>
												<div class='test-attributes'>
												</div>
												<div class='test-steps'>
													<table class='bordered table-results'>
														<thead>
															<tr>
																<th>Status</th>
																<th>Timestamp</th>
																<th>Details</th>
															</tr>
														</thead>
														<tbody>
																<tr>
																	<td class='status info' title='info' alt='info'><i class='mdi-action-info-outline'></i></td>
																	<td class='timestamp'>11:58:15</td>
																	<td class='step-details'>Description : Alişveriş süreci ve satın almak ekranı kontrolu</td>
																</tr>
																<tr>
																	<td class='status fail' title='fail' alt='fail'><i class='mdi-navigation-cancel'></i></td>
																	<td class='timestamp'>11:58:15</td>
																	<td class='step-details'>Session id : 6486a63c08d0ec4cd72e542fdbddbcec</td>
																</tr>
																<tr>
																	<td class='status fail' title='fail' alt='fail'><i class='mdi-navigation-cancel'></i></td>
																	<td class='timestamp'>11:58:15</td>
																	<td class='step-details'>Stack Trace : java.lang.AssertionError</td>
																</tr>
																<tr>
																	<td class='status fail' title='fail' alt='fail'><i class='mdi-navigation-cancel'></i></td>
																	<td class='timestamp'>11:58:15</td>
																	<td class='step-details'>Page Source File : /Users/sezai.can/Documents/sezfree/kiehls/kiehls/target/PageSource/testShoppingColdCreamCategoryWithGuestLogin-DOM.txt</td>
																</tr>
														</tbody>
													</table>
													<ul class='collapsible node-list' data-collapsible='accordion'>
													</ul>
												</div>
											</div>
										</li>
										<li class='collection-item test displayed active pass ' extentid='f96be378-5536-42e1-98cc-b8f941ee94c0'>
											<div class='test-head'>
												<span class='test-name'>testShoppingColdCreamCategoryWithGuestLogin(selenium.tests.web.ShoppingTest) </span>
												<span class='test-status label right outline capitalize pass'>pass</span>
												<span class='category-assigned hide '></span>
											</div>
											<div class='test-body'>
												<div class='test-info'>
													<span title='Test started time' alt='Test started time' class='test-started-time label green lighten-1 text-white'>2019-05-16 12:02:52</span>
													<span title='Test ended time' alt='Test ended time' class='test-ended-time label red lighten-1 text-white'>2019-05-16 12:02:52</span>
													<span title='Time taken to finish' alt='Time taken to finish' class='test-time-taken label blue-grey lighten-3 text-white'>0h 0m 0s+0ms</span>
												</div>
												<div class='test-desc'>-</div>
												<div class='test-attributes'>
												</div>
												<div class='test-steps'>
													<table class='bordered table-results'>
														<thead>
															<tr>
																<th>Status</th>
																<th>Timestamp</th>
																<th>Details</th>
															</tr>
														</thead>
														<tbody>
																<tr>
																	<td class='status info' title='info' alt='info'><i class='mdi-action-info-outline'></i></td>
																	<td class='timestamp'>12:02:52</td>
																	<td class='step-details'>Description : Alişveriş süreci ve satın almak ekranı kontrolu</td>
																</tr>
																<tr>
																	<td class='status pass' title='pass' alt='pass'><i class='mdi-action-check-circle'></i></td>
																	<td class='timestamp'>12:02:52</td>
																	<td class='step-details'>Session id : c01777eb2bf5daa8e0919f2333466fdc</td>
																</tr>
														</tbody>
													</table>
													<ul class='collapsible node-list' data-collapsible='accordion'>
													</ul>
												</div>
											</div>
										</li>
										<li class='collection-item test displayed active fail ' extentid='4ad365dc-6a0e-40a3-aa45-3a7f0eeab267'>
											<div class='test-head'>
												<span class='test-name'>testShoppingColdCreamCategoryWithGuestLogin(selenium.tests.web.ShoppingTest) </span>
												<span class='test-status label right outline capitalize fail'>fail</span>
												<span class='category-assigned hide '></span>
											</div>
											<div class='test-body'>
												<div class='test-info'>
													<span title='Test started time' alt='Test started time' class='test-started-time label green lighten-1 text-white'>2019-05-17 15:32:06</span>
													<span title='Test ended time' alt='Test ended time' class='test-ended-time label red lighten-1 text-white'>2019-05-17 15:32:06</span>
													<span title='Time taken to finish' alt='Time taken to finish' class='test-time-taken label blue-grey lighten-3 text-white'>0h 0m 0s+0ms</span>
												</div>
												<div class='test-desc'>Test failed, getText here for further details</div>
												<div class='test-attributes'>
												</div>
												<div class='test-steps'>
													<table class='bordered table-results'>
														<thead>
															<tr>
																<th>Status</th>
																<th>Timestamp</th>
																<th>Details</th>
															</tr>
														</thead>
														<tbody>
																<tr>
																	<td class='status info' title='info' alt='info'><i class='mdi-action-info-outline'></i></td>
																	<td class='timestamp'>15:32:06</td>
																	<td class='step-details'>Description : Alişveriş süreci ve satın almak ekranı kontrolu</td>
																</tr>
																<tr>
																	<td class='status fail' title='fail' alt='fail'><i class='mdi-navigation-cancel'></i></td>
																	<td class='timestamp'>15:32:06</td>
																	<td class='step-details'>Session id : null</td>
																</tr>
																<tr>
																	<td class='status fail' title='fail' alt='fail'><i class='mdi-navigation-cancel'></i></td>
																	<td class='timestamp'>15:32:06</td>
																	<td class='step-details'>Stack Trace : java.lang.IllegalStateException: The driver executable does not exist: /Users/enes.aydin/Desktop/kiehls/drivers/chromedriver</td>
																</tr>
																<tr>
																	<td class='status fail' title='fail' alt='fail'><i class='mdi-navigation-cancel'></i></td>
																	<td class='timestamp'>15:32:06</td>
																	<td class='step-details'>Page Source File : /Users/sezai.can/Documents/sezfree/kiehls/kiehls/target/PageSource/testShoppingColdCreamCategoryWithGuestLogin-DOM.txt</td>
																</tr>
														</tbody>
													</table>
													<ul class='collapsible node-list' data-collapsible='accordion'>
													</ul>
												</div>
											</div>
										</li>
										<li class='collection-item test displayed active fail ' extentid='aeaca7b7-90f7-4de1-834f-84e08a11bc43'>
											<div class='test-head'>
												<span class='test-name'>testShoppingColdCreamCategoryWithGuestLogin(selenium.tests.web.ShoppingTest) </span>
												<span class='test-status label right outline capitalize fail'>fail</span>
												<span class='category-assigned hide '></span>
											</div>
											<div class='test-body'>
												<div class='test-info'>
													<span title='Test started time' alt='Test started time' class='test-started-time label green lighten-1 text-white'>2019-05-17 15:36:41</span>
													<span title='Test ended time' alt='Test ended time' class='test-ended-time label red lighten-1 text-white'>2019-05-17 15:36:41</span>
													<span title='Time taken to finish' alt='Time taken to finish' class='test-time-taken label blue-grey lighten-3 text-white'>0h 0m 0s+0ms</span>
												</div>
												<div class='test-desc'>Test failed, getText here for further details</div>
												<div class='test-attributes'>
												</div>
												<div class='test-steps'>
													<table class='bordered table-results'>
														<thead>
															<tr>
																<th>Status</th>
																<th>Timestamp</th>
																<th>Details</th>
															</tr>
														</thead>
														<tbody>
																<tr>
																	<td class='status info' title='info' alt='info'><i class='mdi-action-info-outline'></i></td>
																	<td class='timestamp'>15:36:41</td>
																	<td class='step-details'>Description : Alişveriş süreci ve satın almak ekranı kontrolu</td>
																</tr>
																<tr>
																	<td class='status fail' title='fail' alt='fail'><i class='mdi-navigation-cancel'></i></td>
																	<td class='timestamp'>15:36:41</td>
																	<td class='step-details'>Session id : 63b01f77d053bc4c740d904ca4985401</td>
																</tr>
																<tr>
																	<td class='status fail' title='fail' alt='fail'><i class='mdi-navigation-cancel'></i></td>
																	<td class='timestamp'>15:36:41</td>
																	<td class='step-details'>Stack Trace : org.openqa.selenium.WebDriverException: unknown error: Element <a href="/ultra-facial-cream-3318" class="pro-product-title -GTM-product-click-action" data-list-index="0" data-proadmin-id="el-list-item-product-title">...</a> is not clickable at point (446, 801). Other element would receive the click: 
<div class="sp-fancybox-overlay" style="visibility: visible;"></div> (Session info: chrome=74.0.3729.157) (Driver info: chromedriver=2.46.628411 (3324f4c8be9ff2f70a05a30ebc72ffb013e1a71e),platform=Mac OS X 10.14.4 x86_64) (WARNING: The server did not provide any stacktrace information) Command duration or timeout: 46 milliseconds Build info: version: '3.4.0', revision: 'unknown', time: 'unknown' System info: host: 'sezais-MacBook-Pro.local', ip: 'fe80:0:0:0:1439:ea2d:d609:296d%en0', os.name: 'Mac OS X', os.arch: 'x86_64', os.version: '10.14.4', java.version: '1.8.0_66' Driver info: org.openqa.selenium.chrome.ChromeDriver Capabilities [{mobileEmulationEnabled=false, timeouts={implicit=0.0, pageLoad=300000.0, script=30000.0}, hasTouchScreen=false, platform=MAC, acceptSslCerts=false, goog:chromeOptions={debuggerAddress=localhost:61813}, acceptInsecureCerts=false, webStorageEnabled=true, browserName=chrome, takesScreenshot=true, javascriptEnabled=true, setWindowRect=true, unexpectedAlertBehaviour=ignore, applicationCacheEnabled=false, rotatable=false, networkConnectionEnabled=false, chrome={chromedriverVersion=2.46.628411 (3324f4c8be9ff2f70a05a30ebc72ffb013e1a71e), userDataDir=/var/folders/5v/yl3y85t159zb08x1vbzzz8p4qgtcgs/T/.org.chromium.Chromium.1QnG3l}, takesHeapSnapshot=true, pageLoadStrategy=normal, strictFileInteractability=false, databaseEnabled=false, handlesAlerts=true, version=74.0.3729.157, browserConnectionEnabled=false, proxy=Proxy(manual, http=sezais-MacBook-Pro.local:61806, ssl=sezais-MacBook-Pro.local:61806), nativeEvents=true, locationContextEnabled=true, cssSelectorsEnabled=true}] Session ID: 63b01f77d053bc4c740d904ca4985401</td>
																</tr>
																<tr>
																	<td class='status fail' title='fail' alt='fail'><i class='mdi-navigation-cancel'></i></td>
																	<td class='timestamp'>15:36:41</td>
																	<td class='step-details'>Page Source File : /Users/sezai.can/Documents/sezfree/kiehls/kiehls/target/PageSource/testShoppingColdCreamCategoryWithGuestLogin-DOM.txt</td>
																</tr>
														</tbody>
													</table>
													<ul class='collapsible node-list' data-collapsible='accordion'>
													</ul>
												</div>
											</div>
										</li>
										<li class='collection-item test displayed active fail ' extentid='32cbeef8-418f-42b2-9b72-5953e8d87826'>
											<div class='test-head'>
												<span class='test-name'>testShoppingColdCreamCategoryWithGuestLogin(selenium.tests.web.ShoppingTest) </span>
												<span class='test-status label right outline capitalize fail'>fail</span>
												<span class='category-assigned hide '></span>
											</div>
											<div class='test-body'>
												<div class='test-info'>
													<span title='Test started time' alt='Test started time' class='test-started-time label green lighten-1 text-white'>2019-05-17 15:42:29</span>
													<span title='Test ended time' alt='Test ended time' class='test-ended-time label red lighten-1 text-white'>2019-05-17 15:42:29</span>
													<span title='Time taken to finish' alt='Time taken to finish' class='test-time-taken label blue-grey lighten-3 text-white'>0h 0m 0s+0ms</span>
												</div>
												<div class='test-desc'>Test failed, getText here for further details</div>
												<div class='test-attributes'>
												</div>
												<div class='test-steps'>
													<table class='bordered table-results'>
														<thead>
															<tr>
																<th>Status</th>
																<th>Timestamp</th>
																<th>Details</th>
															</tr>
														</thead>
														<tbody>
																<tr>
																	<td class='status info' title='info' alt='info'><i class='mdi-action-info-outline'></i></td>
																	<td class='timestamp'>15:42:29</td>
																	<td class='step-details'>Description : Alişveriş süreci ve satın almak ekranı kontrolu</td>
																</tr>
																<tr>
																	<td class='status fail' title='fail' alt='fail'><i class='mdi-navigation-cancel'></i></td>
																	<td class='timestamp'>15:42:29</td>
																	<td class='step-details'>Session id : ed8753dd8f35a1b1a840f82f7b3ed644ca1909dc</td>
																</tr>
																<tr>
																	<td class='status fail' title='fail' alt='fail'><i class='mdi-navigation-cancel'></i></td>
																	<td class='timestamp'>15:42:29</td>
																	<td class='step-details'>Stack Trace : org.openqa.selenium.WebDriverException: element click intercepted: Element <a href="/ultra-facial-cream-3318" class="pro-product-title -GTM-product-click-action" data-list-index="0" data-proadmin-id="el-list-item-product-title">...</a> is not clickable at point (395, 590). Other element would receive the click: 
<div class="sp-fancybox-overlay" style="visibility: visible;"></div> (Session info: chrome=74.0.3729.131) (Driver info: chromedriver=74.0.3729.6 (255758eccf3d244491b8a1317aa76e1ce10d57e9-refs/branch-heads/3729@{#29}),platform=Mac OS X 10.11.6 x86_64) (WARNING: The server did not provide any stacktrace information) Command duration or timeout: 79 milliseconds Build info: version: '2.53.0', revision: '35ae25b', time: '2016-03-15 17:00:58' System info: host: 'mac-185-44-129-185.browserstack.com', ip: '185.44.129.185', os.name: 'Mac OS X', os.arch: 'x86_64', os.version: '10.11.6', java.version: '1.8.0_51' Driver info: org.openqa.selenium.chrome.ChromeDriver Capabilities [{mobileEmulationEnabled=false, timeouts={implicit=0, pageLoad=300000, script=30000}, hasTouchScreen=false, platform=MAC, acceptSslCerts=false, goog:chromeOptions={debuggerAddress=localhost:62581}, acceptInsecureCerts=false, webStorageEnabled=true, browserName=chrome, takesScreenshot=true, javascriptEnabled=true, setWindowRect=true, unexpectedAlertBehaviour=ignore, applicationCacheEnabled=false, rotatable=false, networkConnectionEnabled=false, chrome={chromedriverVersion=74.0.3729.6 (255758eccf3d244491b8a1317aa76e1ce10d57e9-refs/branch-heads/3729@{#29}), userDataDir=/var/folders/yj/h3bj394n2tn74bp3vdngj35c0000jy/T/.com.google.Chrome.L8tILV}, takesHeapSnapshot=true, pageLoadStrategy=normal, strictFileInteractability=false, databaseEnabled=false, handlesAlerts=true, version=74.0.3729.131, browserConnectionEnabled=false, proxy={}, nativeEvents=true, locationContextEnabled=true, cssSelectorsEnabled=true}] Session ID: 724ccf35116fbdcd396d4e757ab7d982 Command duration or timeout: 166 milliseconds</td>
																</tr>
																<tr>
																	<td class='status fail' title='fail' alt='fail'><i class='mdi-navigation-cancel'></i></td>
																	<td class='timestamp'>15:42:29</td>
																	<td class='step-details'>Page Source File : /Users/sezai.can/Documents/sezfree/kiehls/kiehls/target/PageSource/testShoppingColdCreamCategoryWithGuestLogin-DOM.txt</td>
																</tr>
														</tbody>
													</table>
													<ul class='collapsible node-list' data-collapsible='accordion'>
													</ul>
												</div>
											</div>
										</li>
										<li class='collection-item test displayed active fail ' extentid='0e70c0f3-0d2e-4a2f-80a9-d6749e4aec6d'>
											<div class='test-head'>
												<span class='test-name'>testShoppingColdCreamCategoryWithGuestLogin(selenium.tests.web.ShoppingTest) </span>
												<span class='test-status label right outline capitalize fail'>fail</span>
												<span class='category-assigned hide '></span>
											</div>
											<div class='test-body'>
												<div class='test-info'>
													<span title='Test started time' alt='Test started time' class='test-started-time label green lighten-1 text-white'>2019-05-22 09:40:58</span>
													<span title='Test ended time' alt='Test ended time' class='test-ended-time label red lighten-1 text-white'>2019-05-22 09:40:58</span>
													<span title='Time taken to finish' alt='Time taken to finish' class='test-time-taken label blue-grey lighten-3 text-white'>0h 0m 0s+0ms</span>
												</div>
												<div class='test-desc'>Test failed, getText here for further details</div>
												<div class='test-attributes'>
												</div>
												<div class='test-steps'>
													<table class='bordered table-results'>
														<thead>
															<tr>
																<th>Status</th>
																<th>Timestamp</th>
																<th>Details</th>
															</tr>
														</thead>
														<tbody>
																<tr>
																	<td class='status info' title='info' alt='info'><i class='mdi-action-info-outline'></i></td>
																	<td class='timestamp'>09:40:58</td>
																	<td class='step-details'>Description : Alişveriş süreci ve satın almak ekranı kontrolu</td>
																</tr>
																<tr>
																	<td class='status fail' title='fail' alt='fail'><i class='mdi-navigation-cancel'></i></td>
																	<td class='timestamp'>09:40:58</td>
																	<td class='step-details'>Session id : null</td>
																</tr>
																<tr>
																	<td class='status fail' title='fail' alt='fail'><i class='mdi-navigation-cancel'></i></td>
																	<td class='timestamp'>09:40:58</td>
																	<td class='step-details'>Stack Trace : java.lang.IllegalStateException: The driver executable does not exist: /Users/enes.aydin/Desktop/kiehls/drivers/chromedriver</td>
																</tr>
																<tr>
																	<td class='status fail' title='fail' alt='fail'><i class='mdi-navigation-cancel'></i></td>
																	<td class='timestamp'>09:40:58</td>
																	<td class='step-details'>Page Source File : /Users/sezai.can/Documents/sezfree/kiehls/kiehls/target/PageSource/testShoppingColdCreamCategoryWithGuestLogin-DOM.txt</td>
																</tr>
														</tbody>
													</table>
													<ul class='collapsible node-list' data-collapsible='accordion'>
													</ul>
												</div>
											</div>
										</li>
										<li class='collection-item test displayed active fail ' extentid='abdec95d-1385-467b-9e20-2eafa5c2aca7'>
											<div class='test-head'>
												<span class='test-name'>testShoppingColdCreamCategoryWithGuestLogin(selenium.tests.web.ShoppingTest) </span>
												<span class='test-status label right outline capitalize fail'>fail</span>
												<span class='category-assigned hide '></span>
											</div>
											<div class='test-body'>
												<div class='test-info'>
													<span title='Test started time' alt='Test started time' class='test-started-time label green lighten-1 text-white'>2019-05-22 09:42:05</span>
													<span title='Test ended time' alt='Test ended time' class='test-ended-time label red lighten-1 text-white'>2019-05-22 09:42:05</span>
													<span title='Time taken to finish' alt='Time taken to finish' class='test-time-taken label blue-grey lighten-3 text-white'>0h 0m 0s+0ms</span>
												</div>
												<div class='test-desc'>Test failed, getText here for further details</div>
												<div class='test-attributes'>
												</div>
												<div class='test-steps'>
													<table class='bordered table-results'>
														<thead>
															<tr>
																<th>Status</th>
																<th>Timestamp</th>
																<th>Details</th>
															</tr>
														</thead>
														<tbody>
																<tr>
																	<td class='status info' title='info' alt='info'><i class='mdi-action-info-outline'></i></td>
																	<td class='timestamp'>09:42:05</td>
																	<td class='step-details'>Description : Alişveriş süreci ve satın almak ekranı kontrolu</td>
																</tr>
																<tr>
																	<td class='status fail' title='fail' alt='fail'><i class='mdi-navigation-cancel'></i></td>
																	<td class='timestamp'>09:42:05</td>
																	<td class='step-details'>Session id : e8cca8ac0c1b0c4a06f81608d6ae78ea</td>
																</tr>
																<tr>
																	<td class='status fail' title='fail' alt='fail'><i class='mdi-navigation-cancel'></i></td>
																	<td class='timestamp'>09:42:05</td>
																	<td class='step-details'>Stack Trace : org.openqa.selenium.WebDriverException: unknown error: Element <a href="/ultra-facial-cream-3318" class="pro-product-title -GTM-product-click-action" data-list-index="0" data-proadmin-id="el-list-item-product-title">...</a> is not clickable at point (446, 801). Other element would receive the click: 
<div class="sp-fancybox-overlay" style="visibility: visible;"></div> (Session info: chrome=74.0.3729.157) (Driver info: chromedriver=2.46.628411 (3324f4c8be9ff2f70a05a30ebc72ffb013e1a71e),platform=Mac OS X 10.14.4 x86_64) (WARNING: The server did not provide any stacktrace information) Command duration or timeout: 45 milliseconds Build info: version: '3.4.0', revision: 'unknown', time: 'unknown' System info: host: 'sezais-MacBook-Pro.local', ip: 'fe80:0:0:0:1439:ea2d:d609:296d%en0', os.name: 'Mac OS X', os.arch: 'x86_64', os.version: '10.14.4', java.version: '1.8.0_66' Driver info: org.openqa.selenium.chrome.ChromeDriver Capabilities [{mobileEmulationEnabled=false, timeouts={implicit=0.0, pageLoad=300000.0, script=30000.0}, hasTouchScreen=false, platform=MAC, acceptSslCerts=false, goog:chromeOptions={debuggerAddress=localhost:52754}, acceptInsecureCerts=false, webStorageEnabled=true, browserName=chrome, takesScreenshot=true, javascriptEnabled=true, setWindowRect=true, unexpectedAlertBehaviour=ignore, applicationCacheEnabled=false, rotatable=false, networkConnectionEnabled=false, chrome={chromedriverVersion=2.46.628411 (3324f4c8be9ff2f70a05a30ebc72ffb013e1a71e), userDataDir=/var/folders/5v/yl3y85t159zb08x1vbzzz8p4qgtcgs/T/.org.chromium.Chromium.Mu8qmP}, takesHeapSnapshot=true, pageLoadStrategy=normal, strictFileInteractability=false, databaseEnabled=false, handlesAlerts=true, version=74.0.3729.157, browserConnectionEnabled=false, proxy=Proxy(manual, http=sezais-MacBook-Pro.local:52744, ssl=sezais-MacBook-Pro.local:52744), nativeEvents=true, locationContextEnabled=true, cssSelectorsEnabled=true}] Session ID: e8cca8ac0c1b0c4a06f81608d6ae78ea</td>
																</tr>
																<tr>
																	<td class='status fail' title='fail' alt='fail'><i class='mdi-navigation-cancel'></i></td>
																	<td class='timestamp'>09:42:05</td>
																	<td class='step-details'>Page Source File : /Users/sezai.can/Documents/sezfree/kiehls/kiehls/target/PageSource/testShoppingColdCreamCategoryWithGuestLogin-DOM.txt</td>
																</tr>
														</tbody>
													</table>
													<ul class='collapsible node-list' data-collapsible='accordion'>
													</ul>
												</div>
											</div>
										</li>
										<li class='collection-item test displayed active fail ' extentid='2b9e5126-3257-4079-bdfe-fc424ee66f4e'>
											<div class='test-head'>
												<span class='test-name'>testShoppingColdCreamCategoryWithGuestLogin(selenium.tests.web.ShoppingTest) </span>
												<span class='test-status label right outline capitalize fail'>fail</span>
												<span class='category-assigned hide '></span>
											</div>
											<div class='test-body'>
												<div class='test-info'>
													<span title='Test started time' alt='Test started time' class='test-started-time label green lighten-1 text-white'>2019-05-22 09:48:30</span>
													<span title='Test ended time' alt='Test ended time' class='test-ended-time label red lighten-1 text-white'>2019-05-22 09:48:30</span>
													<span title='Time taken to finish' alt='Time taken to finish' class='test-time-taken label blue-grey lighten-3 text-white'>0h 0m 0s+0ms</span>
												</div>
												<div class='test-desc'>Test failed, getText here for further details</div>
												<div class='test-attributes'>
												</div>
												<div class='test-steps'>
													<table class='bordered table-results'>
														<thead>
															<tr>
																<th>Status</th>
																<th>Timestamp</th>
																<th>Details</th>
															</tr>
														</thead>
														<tbody>
																<tr>
																	<td class='status info' title='info' alt='info'><i class='mdi-action-info-outline'></i></td>
																	<td class='timestamp'>09:48:30</td>
																	<td class='step-details'>Description : Alişveriş süreci ve satın almak ekranı kontrolu</td>
																</tr>
																<tr>
																	<td class='status fail' title='fail' alt='fail'><i class='mdi-navigation-cancel'></i></td>
																	<td class='timestamp'>09:48:30</td>
																	<td class='step-details'>Session id : 48692522445acb6e2427cd5bbc7c4aff</td>
																</tr>
																<tr>
																	<td class='status fail' title='fail' alt='fail'><i class='mdi-navigation-cancel'></i></td>
																	<td class='timestamp'>09:48:30</td>
																	<td class='step-details'>Stack Trace : org.openqa.selenium.TimeoutException: Expected condition failed: waiting for element to be clickable: Proxy element for: DefaultElementLocator 'By.className: fa fa-times element-close-button' (tried for 15 second(s) with 500 MILLISECONDS interval)</td>
																</tr>
																<tr>
																	<td class='status fail' title='fail' alt='fail'><i class='mdi-navigation-cancel'></i></td>
																	<td class='timestamp'>09:48:30</td>
																	<td class='step-details'>Page Source File : /Users/sezai.can/Documents/sezfree/kiehls/kiehls/target/PageSource/testShoppingColdCreamCategoryWithGuestLogin-DOM.txt</td>
																</tr>
														</tbody>
													</table>
													<ul class='collapsible node-list' data-collapsible='accordion'>
													</ul>
												</div>
											</div>
										</li>
										<li class='collection-item test displayed active fail ' extentid='e7304e7a-d471-4b52-b03e-671a01e1df33'>
											<div class='test-head'>
												<span class='test-name'>testShoppingColdCreamCategoryWithGuestLogin(selenium.tests.web.ShoppingTest) </span>
												<span class='test-status label right outline capitalize fail'>fail</span>
												<span class='category-assigned hide '></span>
											</div>
											<div class='test-body'>
												<div class='test-info'>
													<span title='Test started time' alt='Test started time' class='test-started-time label green lighten-1 text-white'>2019-05-22 09:50:23</span>
													<span title='Test ended time' alt='Test ended time' class='test-ended-time label red lighten-1 text-white'>2019-05-22 09:50:23</span>
													<span title='Time taken to finish' alt='Time taken to finish' class='test-time-taken label blue-grey lighten-3 text-white'>0h 0m 0s+0ms</span>
												</div>
												<div class='test-desc'>Test failed, getText here for further details</div>
												<div class='test-attributes'>
												</div>
												<div class='test-steps'>
													<table class='bordered table-results'>
														<thead>
															<tr>
																<th>Status</th>
																<th>Timestamp</th>
																<th>Details</th>
															</tr>
														</thead>
														<tbody>
																<tr>
																	<td class='status info' title='info' alt='info'><i class='mdi-action-info-outline'></i></td>
																	<td class='timestamp'>09:50:23</td>
																	<td class='step-details'>Description : Alişveriş süreci ve satın almak ekranı kontrolu</td>
																</tr>
																<tr>
																	<td class='status fail' title='fail' alt='fail'><i class='mdi-navigation-cancel'></i></td>
																	<td class='timestamp'>09:50:23</td>
																	<td class='step-details'>Session id : 99dbba4f4c211a1b4baba35ee3233d0d</td>
																</tr>
																<tr>
																	<td class='status fail' title='fail' alt='fail'><i class='mdi-navigation-cancel'></i></td>
																	<td class='timestamp'>09:50:23</td>
																	<td class='step-details'>Stack Trace : org.openqa.selenium.InvalidSelectorException: invalid selector: Compound class names not permitted (Session info: chrome=74.0.3729.157) (Driver info: chromedriver=2.46.628411 (3324f4c8be9ff2f70a05a30ebc72ffb013e1a71e),platform=Mac OS X 10.14.4 x86_64) (WARNING: The server did not provide any stacktrace information) Command duration or timeout: 18 milliseconds For documentation on this error, please visit: http://seleniumhq.org/exceptions/invalid_selector_exception.html Build info: version: '3.4.0', revision: 'unknown', time: 'unknown' System info: host: 'sezais-MacBook-Pro.local', ip: 'fe80:0:0:0:1439:ea2d:d609:296d%en0', os.name: 'Mac OS X', os.arch: 'x86_64', os.version: '10.14.4', java.version: '1.8.0_66' Driver info: org.openqa.selenium.chrome.ChromeDriver Capabilities [{mobileEmulationEnabled=false, timeouts={implicit=0.0, pageLoad=300000.0, script=30000.0}, hasTouchScreen=false, platform=MAC, acceptSslCerts=false, goog:chromeOptions={debuggerAddress=localhost:55091}, acceptInsecureCerts=false, webStorageEnabled=true, browserName=chrome, takesScreenshot=true, javascriptEnabled=true, setWindowRect=true, unexpectedAlertBehaviour=ignore, applicationCacheEnabled=false, rotatable=false, networkConnectionEnabled=false, chrome={chromedriverVersion=2.46.628411 (3324f4c8be9ff2f70a05a30ebc72ffb013e1a71e), userDataDir=/var/folders/5v/yl3y85t159zb08x1vbzzz8p4qgtcgs/T/.org.chromium.Chromium.JneHBi}, takesHeapSnapshot=true, pageLoadStrategy=normal, strictFileInteractability=false, databaseEnabled=false, handlesAlerts=true, version=74.0.3729.157, browserConnectionEnabled=false, proxy=Proxy(manual, http=sezais-MacBook-Pro.local:55059, ssl=sezais-MacBook-Pro.local:55059), nativeEvents=true, locationContextEnabled=true, cssSelectorsEnabled=true}] Session ID: 99dbba4f4c211a1b4baba35ee3233d0d *** Element info: {Using=class name, value=fa fa-times element-close-button}</td>
																</tr>
																<tr>
																	<td class='status fail' title='fail' alt='fail'><i class='mdi-navigation-cancel'></i></td>
																	<td class='timestamp'>09:50:23</td>
																	<td class='step-details'>Page Source File : /Users/sezai.can/Documents/sezfree/kiehls/kiehls/target/PageSource/testShoppingColdCreamCategoryWithGuestLogin-DOM.txt</td>
																</tr>
														</tbody>
													</table>
													<ul class='collapsible node-list' data-collapsible='accordion'>
													</ul>
												</div>
											</div>
										</li>
										<li class='collection-item test displayed active fail ' extentid='25e44fa1-b52e-4624-b207-e31d03e1473f'>
											<div class='test-head'>
												<span class='test-name'>testShoppingColdCreamCategoryWithGuestLogin(selenium.tests.web.ShoppingTest) </span>
												<span class='test-status label right outline capitalize fail'>fail</span>
												<span class='category-assigned hide '></span>
											</div>
											<div class='test-body'>
												<div class='test-info'>
													<span title='Test started time' alt='Test started time' class='test-started-time label green lighten-1 text-white'>2019-05-22 09:55:02</span>
													<span title='Test ended time' alt='Test ended time' class='test-ended-time label red lighten-1 text-white'>2019-05-22 09:55:02</span>
													<span title='Time taken to finish' alt='Time taken to finish' class='test-time-taken label blue-grey lighten-3 text-white'>0h 0m 0s+0ms</span>
												</div>
												<div class='test-desc'>Test failed, getText here for further details</div>
												<div class='test-attributes'>
												</div>
												<div class='test-steps'>
													<table class='bordered table-results'>
														<thead>
															<tr>
																<th>Status</th>
																<th>Timestamp</th>
																<th>Details</th>
															</tr>
														</thead>
														<tbody>
																<tr>
																	<td class='status info' title='info' alt='info'><i class='mdi-action-info-outline'></i></td>
																	<td class='timestamp'>09:55:02</td>
																	<td class='step-details'>Description : Alişveriş süreci ve satın almak ekranı kontrolu</td>
																</tr>
																<tr>
																	<td class='status fail' title='fail' alt='fail'><i class='mdi-navigation-cancel'></i></td>
																	<td class='timestamp'>09:55:02</td>
																	<td class='step-details'>Session id : 8cbbe7dc7954f5e2fa6e1f08136efe1c</td>
																</tr>
																<tr>
																	<td class='status fail' title='fail' alt='fail'><i class='mdi-navigation-cancel'></i></td>
																	<td class='timestamp'>09:55:02</td>
																	<td class='step-details'>Stack Trace : org.openqa.selenium.InvalidSelectorException: invalid selector: Compound class names not permitted (Session info: chrome=74.0.3729.157) (Driver info: chromedriver=2.46.628411 (3324f4c8be9ff2f70a05a30ebc72ffb013e1a71e),platform=Mac OS X 10.14.4 x86_64) (WARNING: The server did not provide any stacktrace information) Command duration or timeout: 23 milliseconds For documentation on this error, please visit: http://seleniumhq.org/exceptions/invalid_selector_exception.html Build info: version: '3.4.0', revision: 'unknown', time: 'unknown' System info: host: 'sezais-MacBook-Pro.local', ip: 'fe80:0:0:0:1439:ea2d:d609:296d%en0', os.name: 'Mac OS X', os.arch: 'x86_64', os.version: '10.14.4', java.version: '1.8.0_66' Driver info: org.openqa.selenium.chrome.ChromeDriver Capabilities [{mobileEmulationEnabled=false, timeouts={implicit=0.0, pageLoad=300000.0, script=30000.0}, hasTouchScreen=false, platform=MAC, acceptSslCerts=false, goog:chromeOptions={debuggerAddress=localhost:57938}, acceptInsecureCerts=false, webStorageEnabled=true, browserName=chrome, takesScreenshot=true, javascriptEnabled=true, setWindowRect=true, unexpectedAlertBehaviour=ignore, applicationCacheEnabled=false, rotatable=false, networkConnectionEnabled=false, chrome={chromedriverVersion=2.46.628411 (3324f4c8be9ff2f70a05a30ebc72ffb013e1a71e), userDataDir=/var/folders/5v/yl3y85t159zb08x1vbzzz8p4qgtcgs/T/.org.chromium.Chromium.8YrsYm}, takesHeapSnapshot=true, pageLoadStrategy=normal, strictFileInteractability=false, databaseEnabled=false, handlesAlerts=true, version=74.0.3729.157, browserConnectionEnabled=false, proxy=Proxy(manual, http=sezais-MacBook-Pro.local:57928, ssl=sezais-MacBook-Pro.local:57928), nativeEvents=true, locationContextEnabled=true, cssSelectorsEnabled=true}] Session ID: 8cbbe7dc7954f5e2fa6e1f08136efe1c *** Element info: {Using=class name, value=sp-fancybox-iframe adaptive-resolution}</td>
																</tr>
																<tr>
																	<td class='status fail' title='fail' alt='fail'><i class='mdi-navigation-cancel'></i></td>
																	<td class='timestamp'>09:55:02</td>
																	<td class='step-details'>Page Source File : /Users/sezai.can/Documents/sezfree/kiehls/kiehls/target/PageSource/testShoppingColdCreamCategoryWithGuestLogin-DOM.txt</td>
																</tr>
														</tbody>
													</table>
													<ul class='collapsible node-list' data-collapsible='accordion'>
													</ul>
												</div>
											</div>
										</li>
										<li class='collection-item test displayed active fail ' extentid='10679096-d141-46cb-a043-41376f1f0991'>
											<div class='test-head'>
												<span class='test-name'>testShoppingColdCreamCategoryWithGuestLogin(selenium.tests.web.ShoppingTest) </span>
												<span class='test-status label right outline capitalize fail'>fail</span>
												<span class='category-assigned hide '></span>
											</div>
											<div class='test-body'>
												<div class='test-info'>
													<span title='Test started time' alt='Test started time' class='test-started-time label green lighten-1 text-white'>2019-05-22 09:56:32</span>
													<span title='Test ended time' alt='Test ended time' class='test-ended-time label red lighten-1 text-white'>2019-05-22 09:56:32</span>
													<span title='Time taken to finish' alt='Time taken to finish' class='test-time-taken label blue-grey lighten-3 text-white'>0h 0m 0s+0ms</span>
												</div>
												<div class='test-desc'>Test failed, getText here for further details</div>
												<div class='test-attributes'>
												</div>
												<div class='test-steps'>
													<table class='bordered table-results'>
														<thead>
															<tr>
																<th>Status</th>
																<th>Timestamp</th>
																<th>Details</th>
															</tr>
														</thead>
														<tbody>
																<tr>
																	<td class='status info' title='info' alt='info'><i class='mdi-action-info-outline'></i></td>
																	<td class='timestamp'>09:56:32</td>
																	<td class='step-details'>Description : Alişveriş süreci ve satın almak ekranı kontrolu</td>
																</tr>
																<tr>
																	<td class='status fail' title='fail' alt='fail'><i class='mdi-navigation-cancel'></i></td>
																	<td class='timestamp'>09:56:32</td>
																	<td class='step-details'>Session id : e5ca0c7c794cfdad364c6503db57a130</td>
																</tr>
																<tr>
																	<td class='status fail' title='fail' alt='fail'><i class='mdi-navigation-cancel'></i></td>
																	<td class='timestamp'>09:56:32</td>
																	<td class='step-details'>Stack Trace : org.openqa.selenium.InvalidSelectorException: invalid selector: Compound class names not permitted (Session info: chrome=74.0.3729.157) (Driver info: chromedriver=2.46.628411 (3324f4c8be9ff2f70a05a30ebc72ffb013e1a71e),platform=Mac OS X 10.14.4 x86_64) (WARNING: The server did not provide any stacktrace information) Command duration or timeout: 19 milliseconds For documentation on this error, please visit: http://seleniumhq.org/exceptions/invalid_selector_exception.html Build info: version: '3.4.0', revision: 'unknown', time: 'unknown' System info: host: 'sezais-MacBook-Pro.local', ip: 'fe80:0:0:0:1439:ea2d:d609:296d%en0', os.name: 'Mac OS X', os.arch: 'x86_64', os.version: '10.14.4', java.version: '1.8.0_66' Driver info: org.openqa.selenium.chrome.ChromeDriver Capabilities [{mobileEmulationEnabled=false, timeouts={implicit=0.0, pageLoad=300000.0, script=30000.0}, hasTouchScreen=false, platform=MAC, acceptSslCerts=false, goog:chromeOptions={debuggerAddress=localhost:58578}, acceptInsecureCerts=false, webStorageEnabled=true, browserName=chrome, takesScreenshot=true, javascriptEnabled=true, setWindowRect=true, unexpectedAlertBehaviour=ignore, applicationCacheEnabled=false, rotatable=false, networkConnectionEnabled=false, chrome={chromedriverVersion=2.46.628411 (3324f4c8be9ff2f70a05a30ebc72ffb013e1a71e), userDataDir=/var/folders/5v/yl3y85t159zb08x1vbzzz8p4qgtcgs/T/.org.chromium.Chromium.zgkqdY}, takesHeapSnapshot=true, pageLoadStrategy=normal, strictFileInteractability=false, databaseEnabled=false, handlesAlerts=true, version=74.0.3729.157, browserConnectionEnabled=false, proxy=Proxy(manual, http=sezais-MacBook-Pro.local:58559, ssl=sezais-MacBook-Pro.local:58559), nativeEvents=true, locationContextEnabled=true, cssSelectorsEnabled=true}] Session ID: e5ca0c7c794cfdad364c6503db57a130 *** Element info: {Using=class name, value=sp-fancybox-iframe adaptive-resolution}</td>
																</tr>
																<tr>
																	<td class='status fail' title='fail' alt='fail'><i class='mdi-navigation-cancel'></i></td>
																	<td class='timestamp'>09:56:32</td>
																	<td class='step-details'>Page Source File : /Users/sezai.can/Documents/sezfree/kiehls/kiehls/target/PageSource/testShoppingColdCreamCategoryWithGuestLogin-DOM.txt</td>
																</tr>
														</tbody>
													</table>
													<ul class='collapsible node-list' data-collapsible='accordion'>
													</ul>
												</div>
											</div>
										</li>
										<li class='collection-item test displayed active fail ' extentid='87dae25d-ea05-4504-92f9-9ac6142a2504'>
											<div class='test-head'>
												<span class='test-name'>testShoppingColdCreamCategoryWithGuestLogin(selenium.tests.web.ShoppingTest) </span>
												<span class='test-status label right outline capitalize fail'>fail</span>
												<span class='category-assigned hide '></span>
											</div>
											<div class='test-body'>
												<div class='test-info'>
													<span title='Test started time' alt='Test started time' class='test-started-time label green lighten-1 text-white'>2019-05-22 10:04:58</span>
													<span title='Test ended time' alt='Test ended time' class='test-ended-time label red lighten-1 text-white'>2019-05-22 10:04:58</span>
													<span title='Time taken to finish' alt='Time taken to finish' class='test-time-taken label blue-grey lighten-3 text-white'>0h 0m 0s+0ms</span>
												</div>
												<div class='test-desc'>Test failed, getText here for further details</div>
												<div class='test-attributes'>
												</div>
												<div class='test-steps'>
													<table class='bordered table-results'>
														<thead>
															<tr>
																<th>Status</th>
																<th>Timestamp</th>
																<th>Details</th>
															</tr>
														</thead>
														<tbody>
																<tr>
																	<td class='status info' title='info' alt='info'><i class='mdi-action-info-outline'></i></td>
																	<td class='timestamp'>10:04:58</td>
																	<td class='step-details'>Description : Alişveriş süreci ve satın almak ekranı kontrolu</td>
																</tr>
																<tr>
																	<td class='status fail' title='fail' alt='fail'><i class='mdi-navigation-cancel'></i></td>
																	<td class='timestamp'>10:04:58</td>
																	<td class='step-details'>Session id : 668c2e9a3a35393873ef2d7b04ddc412</td>
																</tr>
																<tr>
																	<td class='status fail' title='fail' alt='fail'><i class='mdi-navigation-cancel'></i></td>
																	<td class='timestamp'>10:04:58</td>
																	<td class='step-details'>Stack Trace : org.openqa.selenium.WebDriverException: unknown error: Element <a href="/checkout" class="btn btn-lg btn-green btn-block checkout-next-step">...</a> is not clickable at point (981, 617). Other element would receive the click: <iframe id="designstudio-iframe" style="-webkit-transform:translateZ(0);-moz-transform:translateZ(0);-ms-transform:translateZ(0);transform:translateZ(0);display:block;position:absolute;border:none;width:100%;height:100%;" name="designstudio-frame" title="Live Chat Box"></iframe> (Session info: chrome=74.0.3729.157) (Driver info: chromedriver=2.46.628411 (3324f4c8be9ff2f70a05a30ebc72ffb013e1a71e),platform=Mac OS X 10.14.4 x86_64) (WARNING: The server did not provide any stacktrace information) Command duration or timeout: 47 milliseconds Build info: version: '3.4.0', revision: 'unknown', time: 'unknown' System info: host: 'sezais-MacBook-Pro.local', ip: 'fe80:0:0:0:1439:ea2d:d609:296d%en0', os.name: 'Mac OS X', os.arch: 'x86_64', os.version: '10.14.4', java.version: '1.8.0_66' Driver info: org.openqa.selenium.chrome.ChromeDriver Capabilities [{mobileEmulationEnabled=false, timeouts={implicit=0.0, pageLoad=300000.0, script=30000.0}, hasTouchScreen=false, platform=MAC, acceptSslCerts=false, goog:chromeOptions={debuggerAddress=localhost:62360}, acceptInsecureCerts=false, webStorageEnabled=true, browserName=chrome, takesScreenshot=true, javascriptEnabled=true, setWindowRect=true, unexpectedAlertBehaviour=ignore, applicationCacheEnabled=false, rotatable=false, networkConnectionEnabled=false, chrome={chromedriverVersion=2.46.628411 (3324f4c8be9ff2f70a05a30ebc72ffb013e1a71e), userDataDir=/var/folders/5v/yl3y85t159zb08x1vbzzz8p4qgtcgs/T/.org.chromium.Chromium.Rt0tMr}, takesHeapSnapshot=true, pageLoadStrategy=normal, strictFileInteractability=false, databaseEnabled=false, handlesAlerts=true, version=74.0.3729.157, browserConnectionEnabled=false, proxy=Proxy(manual, http=sezais-MacBook-Pro.local:62350, ssl=sezais-MacBook-Pro.local:62350), nativeEvents=true, locationContextEnabled=true, cssSelectorsEnabled=true}] Session ID: 668c2e9a3a35393873ef2d7b04ddc412</td>
																</tr>
																<tr>
																	<td class='status fail' title='fail' alt='fail'><i class='mdi-navigation-cancel'></i></td>
																	<td class='timestamp'>10:04:58</td>
																	<td class='step-details'>Page Source File : /Users/sezai.can/Documents/sezfree/kiehls/kiehls/target/PageSource/testShoppingColdCreamCategoryWithGuestLogin-DOM.txt</td>
																</tr>
														</tbody>
													</table>
													<ul class='collapsible node-list' data-collapsible='accordion'>
													</ul>
												</div>
											</div>
										</li>
										<li class='collection-item test displayed active pass ' extentid='0a68c151-c9e6-4580-8330-eff79d28849b'>
											<div class='test-head'>
												<span class='test-name'>testShoppingColdCreamCategoryWithGuestLogin(selenium.tests.web.ShoppingTest) </span>
												<span class='test-status label right outline capitalize pass'>pass</span>
												<span class='category-assigned hide '></span>
											</div>
											<div class='test-body'>
												<div class='test-info'>
													<span title='Test started time' alt='Test started time' class='test-started-time label green lighten-1 text-white'>2019-05-22 10:06:54</span>
													<span title='Test ended time' alt='Test ended time' class='test-ended-time label red lighten-1 text-white'>2019-05-22 10:06:54</span>
													<span title='Time taken to finish' alt='Time taken to finish' class='test-time-taken label blue-grey lighten-3 text-white'>0h 0m 0s+0ms</span>
												</div>
												<div class='test-desc'>-</div>
												<div class='test-attributes'>
												</div>
												<div class='test-steps'>
													<table class='bordered table-results'>
														<thead>
															<tr>
																<th>Status</th>
																<th>Timestamp</th>
																<th>Details</th>
															</tr>
														</thead>
														<tbody>
																<tr>
																	<td class='status info' title='info' alt='info'><i class='mdi-action-info-outline'></i></td>
																	<td class='timestamp'>10:06:54</td>
																	<td class='step-details'>Description : Alişveriş süreci ve satın almak ekranı kontrolu</td>
																</tr>
																<tr>
																	<td class='status pass' title='pass' alt='pass'><i class='mdi-action-check-circle'></i></td>
																	<td class='timestamp'>10:06:54</td>
																	<td class='step-details'>Session id : e133e8fd1f91a98d3535c13999f67939</td>
																</tr>
														</tbody>
													</table>
													<ul class='collapsible node-list' data-collapsible='accordion'>
													</ul>
												</div>
											</div>
										</li>
										<li class='collection-item test displayed active pass ' extentid='5edb9a71-28f0-4518-9a4e-3d04d66e69c2'>
											<div class='test-head'>
												<span class='test-name'>testShoppingColdCreamCategoryWithGuestLogin(selenium.tests.web.ShoppingTest) </span>
												<span class='test-status label right outline capitalize pass'>pass</span>
												<span class='category-assigned hide '></span>
											</div>
											<div class='test-body'>
												<div class='test-info'>
													<span title='Test started time' alt='Test started time' class='test-started-time label green lighten-1 text-white'>2019-05-22 10:13:28</span>
													<span title='Test ended time' alt='Test ended time' class='test-ended-time label red lighten-1 text-white'>2019-05-22 10:13:28</span>
													<span title='Time taken to finish' alt='Time taken to finish' class='test-time-taken label blue-grey lighten-3 text-white'>0h 0m 0s+0ms</span>
												</div>
												<div class='test-desc'>-</div>
												<div class='test-attributes'>
												</div>
												<div class='test-steps'>
													<table class='bordered table-results'>
														<thead>
															<tr>
																<th>Status</th>
																<th>Timestamp</th>
																<th>Details</th>
															</tr>
														</thead>
														<tbody>
																<tr>
																	<td class='status info' title='info' alt='info'><i class='mdi-action-info-outline'></i></td>
																	<td class='timestamp'>10:13:28</td>
																	<td class='step-details'>Description : Alişveriş süreci ve satın almak ekranı kontrolu</td>
																</tr>
																<tr>
																	<td class='status pass' title='pass' alt='pass'><i class='mdi-action-check-circle'></i></td>
																	<td class='timestamp'>10:13:28</td>
																	<td class='step-details'>Session id : 2cc5cd840299b0c5108b1fa077194c72</td>
																</tr>
														</tbody>
													</table>
													<ul class='collapsible node-list' data-collapsible='accordion'>
													</ul>
												</div>
											</div>
										</li>
										<li class='collection-item test displayed active fail ' extentid='3ef84346-e553-48b0-ba73-56c51ea9dac2'>
											<div class='test-head'>
												<span class='test-name'>testAdaptiveHomePageLoadPNG(selenium.tests.adaptive.HomePageNetworkTest) </span>
												<span class='test-status label right outline capitalize fail'>fail</span>
												<span class='category-assigned hide '></span>
											</div>
											<div class='test-body'>
												<div class='test-info'>
													<span title='Test started time' alt='Test started time' class='test-started-time label green lighten-1 text-white'>2019-05-22 12:23:08</span>
													<span title='Test ended time' alt='Test ended time' class='test-ended-time label red lighten-1 text-white'>2019-05-22 12:23:08</span>
													<span title='Time taken to finish' alt='Time taken to finish' class='test-time-taken label blue-grey lighten-3 text-white'>0h 0m 0s+0ms</span>
												</div>
												<div class='test-desc'>Test failed, getText here for further details</div>
												<div class='test-attributes'>
												</div>
												<div class='test-steps'>
													<table class='bordered table-results'>
														<thead>
															<tr>
																<th>Status</th>
																<th>Timestamp</th>
																<th>Details</th>
															</tr>
														</thead>
														<tbody>
																<tr>
																	<td class='status info' title='info' alt='info'><i class='mdi-action-info-outline'></i></td>
																	<td class='timestamp'>12:23:08</td>
																	<td class='step-details'>Description : Adaptive - Anasayfa yüklenirken yapılan png/jpg request lerin 200 (ok) olduğunun kontrolü</td>
																</tr>
																<tr>
																	<td class='status fail' title='fail' alt='fail'><i class='mdi-navigation-cancel'></i></td>
																	<td class='timestamp'>12:23:08</td>
																	<td class='step-details'>Session id : null</td>
																</tr>
																<tr>
																	<td class='status fail' title='fail' alt='fail'><i class='mdi-navigation-cancel'></i></td>
																	<td class='timestamp'>12:23:08</td>
																	<td class='step-details'>Stack Trace : java.lang.IllegalStateException: The driver executable does not exist: /Users/enes.aydin/Desktop/kiehls/drivers/chromedriver</td>
																</tr>
																<tr>
																	<td class='status fail' title='fail' alt='fail'><i class='mdi-navigation-cancel'></i></td>
																	<td class='timestamp'>12:23:08</td>
																	<td class='step-details'>Page Source File : /Users/sezai.can/Documents/sezfree/kiehls/kiehls/target/PageSource/testAdaptiveHomePageLoadPNG-DOM.txt</td>
																</tr>
														</tbody>
													</table>
													<ul class='collapsible node-list' data-collapsible='accordion'>
													</ul>
												</div>
											</div>
										</li>
										<li class='collection-item test displayed active pass ' extentid='eeddd305-be87-4553-a2e9-0d308d40c7a6'>
											<div class='test-head'>
												<span class='test-name'>testAdaptiveHomePageLoadPNG(selenium.tests.adaptive.HomePageNetworkTest) </span>
												<span class='test-status label right outline capitalize pass'>pass</span>
												<span class='category-assigned hide '></span>
											</div>
											<div class='test-body'>
												<div class='test-info'>
													<span title='Test started time' alt='Test started time' class='test-started-time label green lighten-1 text-white'>2019-05-22 12:24:09</span>
													<span title='Test ended time' alt='Test ended time' class='test-ended-time label red lighten-1 text-white'>2019-05-22 12:24:09</span>
													<span title='Time taken to finish' alt='Time taken to finish' class='test-time-taken label blue-grey lighten-3 text-white'>0h 0m 0s+1ms</span>
												</div>
												<div class='test-desc'>-</div>
												<div class='test-attributes'>
												</div>
												<div class='test-steps'>
													<table class='bordered table-results'>
														<thead>
															<tr>
																<th>Status</th>
																<th>Timestamp</th>
																<th>Details</th>
															</tr>
														</thead>
														<tbody>
																<tr>
																	<td class='status info' title='info' alt='info'><i class='mdi-action-info-outline'></i></td>
																	<td class='timestamp'>12:24:09</td>
																	<td class='step-details'>Description : Adaptive - Anasayfa yüklenirken yapılan png/jpg request lerin 200 (ok) olduğunun kontrolü</td>
																</tr>
																<tr>
																	<td class='status pass' title='pass' alt='pass'><i class='mdi-action-check-circle'></i></td>
																	<td class='timestamp'>12:24:09</td>
																	<td class='step-details'>Session id : 309aaefc71aa79f82135d6082ea025aa</td>
																</tr>
														</tbody>
													</table>
													<ul class='collapsible node-list' data-collapsible='accordion'>
													</ul>
												</div>
											</div>
										</li>
								</ul>
							</div>
						</div>
					</div>
				</div>
				<div id='test-details-wrapper' class='col _addedCell2'>
					<div class='contents'>
						<div class='card-panel details-view'>
							<h5 class='details-name'></h5>
							<div class='step-filters right'>
								<span class='btn-floating btn-small waves-effect waves-light blue' status='info' alt='info' title='info'><i class='mdi-action-info-outline'></i></span>
								<span class='btn-floating btn-small waves-effect waves-light green' status='pass' alt='pass' title='pass'><i class='mdi-action-check-circle'></i></span>
								<span class='btn-floating btn-small waves-effect waves-light red' status='fail' alt='fail' title='fail'><i class='mdi-navigation-cancel'></i></span>
								<span class='btn-floating btn-small waves-effect waves-light red darken-4' status='fatal' alt='fatal' title='fatal'><i class='mdi-navigation-cancel'></i></span>
								<span class='btn-floating btn-small waves-effect waves-light red lighten-2' status='error' alt='error' title='error'><i class='mdi-alert-error'></i></span>
								<span class='btn-floating btn-small waves-effect waves-light orange' alt='warning' status='warning' title='warning'><i class='mdi-alert-warning'></i></span>
								<span class='btn-floating btn-small waves-effect waves-light cyan' status='skip' alt='skip' title='skip'><i class='mdi-content-redo'></i></span>
								<span class='btn-floating btn-small waves-effect waves-light grey darken-2' status='clear-step-filter' alt='Clear filters' title='Clear filters'><i class='mdi-content-clear'></i></span>
							</div>
							<div class='details-container'>
							</div>
						</div>
					</div>
				</div>
			</div>
			<!-- /tests -->
			
			<!-- categories -->
			<!-- /categories -->
			
			<!-- exceptions -->
			<!-- /exceptions -->
			
			<!-- testrunner logs -->
			<!-- /testrunner logs -->
			
		</div>
		<!-- /container -->
		
		<!-- test dashboard counts setting -->
		<div id='test-count-setting' class='modal bottom-sheet'> 
			<div class='modal-content'> 
				<h5>Configure Tests Count Setting</h5> 
				<input name='test-count-setting' type='radio' id='parentWithoutNodes' class='with-gap'> 
				<label for='parentWithoutNodes'>Parent Tests Only (Does not include child nodes in counts)</label> 
				<br> 
				<input name='test-count-setting' type='radio' id='parentWithoutNodesAndNodes' class='with-gap'> 
				<label for='parentWithoutNodesAndNodes'>Parent Tests Without Child Tests + Child Tests</label> 
				<br> 
				<input name='test-count-setting' type='radio' id='childNodes' class='with-gap'> 
				<label for='childNodes'>Child Tests Only</label> 
			</div> 
			<div class='modal-footer'> 
				<a href='#!' class='modal-action modal-close waves-effect waves-green btn'>Save</a> 
			</div> 
		</div>
		<!-- /test dashboard counts setting -->
		
		<!-- filter for step status -->
		<div id='step-status-filter' class='modal bottom-sheet'> 
			<div class='modal-content'> 
				<h5>Select status</h5> 
				<input checked class='filled-in' type='checkbox' id='step-dashboard-filter-pass'> 
				<label for='step-dashboard-filter-pass'>Pass</label> 
				<br> 
				<input checked class='filled-in' type='checkbox' id='step-dashboard-filter-fail'> 
				<label for='step-dashboard-filter-fail'>Fail</label> 
				<br> 
				<input checked class='filled-in' type='checkbox' id='step-dashboard-filter-fatal'> 
				<label for='step-dashboard-filter-fatal'>Fatal</label> 
				<br> 
				<input checked class='filled-in' type='checkbox' id='step-dashboard-filter-error'> 
				<label for='step-dashboard-filter-error'>Error</label> 
				<br> 
				<input checked class='filled-in' type='checkbox' id='step-dashboard-filter-warning'> 
				<label for='step-dashboard-filter-warning'>Warning</label> 
				<br> 
				<input checked class='filled-in' type='checkbox' id='step-dashboard-filter-skip'> 
				<label for='step-dashboard-filter-skip'>Skipped</label> 
				<br> 
				<input checked class='filled-in' type='checkbox' id='step-dashboard-filter-info'> 
				<label for='step-dashboard-filter-info'>Info</label> 
				<br> 
				<input checked class='filled-in' type='checkbox' id='step-dashboard-filter-unknown'> 
				<label for='step-dashboard-filter-unknown'>Unknown</label> 
			</div>
			<div class='modal-footer'> 
				<a href='#!' class='modal-action modal-close waves-effect waves-green btn'>Save</a> 
			</div> 
		</div>
		<!-- /filter for step status -->
		
		<script src='https://cdn.rawgit.com/anshooarora/extentreports/6032d73243ba4fe4fb8769eb9c315d4fdf16fe68/cdn/extent.js' type='text/javascript'></script>

		<script>$(document).ready(function() { $('.logo span').html('ExtentReports'); });</script>
		<script>
				
            
                $(document).ready(function() {
                    
                });
            
        
		</script>
	</body>
</html>
